[0.066s] Invoking command in '/home/droso1/drosophibot-ROS/build/motor_control': CMAKE_PREFIX_PATH=/home/droso1/drosophibot-ROS/install/interfaces:/home/droso1/drosophibot-ROS/install/testcpp:/home/droso1/drosophibot-ROS/install/pubsub:/home/droso1/drosophibot-ROS/install/motor_control:/opt/ros/jazzy /usr/bin/cmake --build /home/droso1/drosophibot-ROS/build/motor_control -- -j4 -l4
[0.365s] [ 50%] [32mBuilding CXX object CMakeFiles/motor_control.dir/src/motor_control.cpp.o[0m
[9.812s] [01m[K/home/droso1/drosophibot-ROS/motor_control/src/motor_control.cpp:[m[K In member function â€˜[01m[Kvoid MotorController::[01;32m[Ktopic_callback[m[K(interfaces::msg::MotorCommand_<std::allocator<void> >::SharedPtr) const[m[Kâ€™:
[9.813s] [01m[K/home/droso1/drosophibot-ROS/motor_control/src/motor_control.cpp:60:104:[m[K [01;31m[Kerror: [m[Kâ€˜[01m[Kconst interfaces::msg::MotorCommand_<std::allocator<void> >::SharedPtr[m[Kâ€™ {aka â€˜[01m[Kconst class std::shared_ptr<interfaces::msg::MotorCommand_<std::allocator<void> > >[m[Kâ€™} has no member named â€˜[01m[Kpos[m[Kâ€™
[9.813s]    60 |                     packetHandler->write4ByteTxRx(portHandler, id, commanded_position_address, msg.[01;31m[Kpos[m[K[id]);
[9.814s]       |                                                                                                    [01;31m[K^~~[m[K
[9.814s] 
[9.845s] [01m[K/home/droso1/drosophibot-ROS/motor_control/src/motor_control.cpp:61:72:[m[K [01;31m[Kerror: [m[Kâ€˜[01m[Kcommand_velocity_address[m[Kâ€™ was not declared in this scope; did you mean â€˜[01m[Kcommanded_velocity_address[m[Kâ€™?
[9.845s]    61 |                         packetHandler->write4ByteTxRx(portHandler, id, [01;31m[Kcommand_velocity_address[m[K, msg.vel[id]);
[9.846s]       |                                                                        [01;31m[K^~~~~~~~~~~~~~~~~~~~~~~~[m[K
[9.846s]       |                                                                        [32m[Kcommanded_velocity_address[m[K
[9.847s] [01m[K/home/droso1/drosophibot-ROS/motor_control/src/motor_control.cpp:61:102:[m[K [01;31m[Kerror: [m[Kâ€˜[01m[Kconst interfaces::msg::MotorCommand_<std::allocator<void> >::SharedPtr[m[Kâ€™ {aka â€˜[01m[Kconst class std::shared_ptr<interfaces::msg::MotorCommand_<std::allocator<void> > >[m[Kâ€™} has no member named â€˜[01m[Kvel[m[Kâ€™
[9.847s]    61 |                       packetHandler->write4ByteTxRx(portHandler, id, command_velocity_address, msg.[01;31m[Kvel[m[K[id]);
[9.847s]       |                                                                                                    [01;31m[K^~~[m[K
[9.848s] 
[17.975s] gmake[2]: *** [CMakeFiles/motor_control.dir/build.make:76: CMakeFiles/motor_control.dir/src/motor_control.cpp.o] Error 1
[17.975s] gmake[1]: *** [CMakeFiles/Makefile2:137: CMakeFiles/motor_control.dir/all] Error 2
[17.976s] gmake: *** [Makefile:146: all] Error 2
[17.984s] Invoked command in '/home/droso1/drosophibot-ROS/build/motor_control' returned '2': CMAKE_PREFIX_PATH=/home/droso1/drosophibot-ROS/install/interfaces:/home/droso1/drosophibot-ROS/install/testcpp:/home/droso1/drosophibot-ROS/install/pubsub:/home/droso1/drosophibot-ROS/install/motor_control:/opt/ros/jazzy /usr/bin/cmake --build /home/droso1/drosophibot-ROS/build/motor_control -- -j4 -l4
