-- Found ament_cmake: 2.5.4 (/opt/ros/jazzy/share/ament_cmake/cmake)
-- Found rclcpp: 28.1.13 (/opt/ros/jazzy/share/rclcpp/cmake)
-- Found rosidl_generator_c: 4.6.6 (/opt/ros/jazzy/share/rosidl_generator_c/cmake)
-- Found rosidl_generator_cpp: 4.6.6 (/opt/ros/jazzy/share/rosidl_generator_cpp/cmake)
-- Using all available rosidl_typesupport_c: rosidl_typesupport_fastrtps_c;rosidl_typesupport_introspection_c
-- Using all available rosidl_typesupport_cpp: rosidl_typesupport_fastrtps_cpp;rosidl_typesupport_introspection_cpp
-- Found rmw_implementation_cmake: 7.3.2 (/opt/ros/jazzy/share/rmw_implementation_cmake/cmake)
-- Found rmw_fastrtps_cpp: 8.4.3 (/opt/ros/jazzy/share/rmw_fastrtps_cpp/cmake)
-- Using RMW implementation 'rmw_fastrtps_cpp' as default
-- Found interfaces: 0.0.0 (/home/droso1/drosophibot-ROS/install/interfaces/share/interfaces/cmake)
-- Found ament_lint_auto: 0.17.3 (/opt/ros/jazzy/share/ament_lint_auto/cmake)
-- Added test 'cppcheck' to perform static code analysis on C / C++ code
-- Configured cppcheck include dirs: /home/droso1/drosophibot-ROS/limb_controller/include
-- Configured cppcheck exclude dirs and/or files: 
-- Added test 'lint_cmake' to check CMake code style
-- Added test 'uncrustify' to check C / C++ code style
-- Configured uncrustify additional arguments: 
-- Added test 'xmllint' to check XML markup files
-- Configuring done (2.4s)
-- Generating done (0.0s)
-- Build files have been written to: /home/droso1/drosophibot-ROS/build/limb_controller
[ 33%] [32mBuilding CXX object CMakeFiles/limb_controller.dir/src/limb_controller.cpp.o[0m
[ 66%] [32mBuilding CXX object CMakeFiles/limb_controller.dir/src/Network.cpp.o[0m
[01m[K/home/droso1/drosophibot-ROS/limb_controller/src/Network.cpp:1:10:[m[K [01;31m[Kfatal error: [m[Kinclude/Network.h: No such file or directory
    1 | #include [01;31m[K"include/Network.h"[m[K
      |          [01;31m[K^~~~~~~~~~~~~~~~~~~[m[K
compilation terminated.
gmake[2]: *** [CMakeFiles/limb_controller.dir/build.make:90: CMakeFiles/limb_controller.dir/src/Network.cpp.o] Error 1
gmake[2]: *** Waiting for unfinished jobs....
[01m[K/home/droso1/drosophibot-ROS/limb_controller/src/limb_controller.cpp:27:23:[m[K [01;31m[Kerror: [m[Kâ€˜[01m[Kinterfaces[m[Kâ€™ was not declared in this scope; did you mean â€˜[01m[Krcl_interfaces[m[Kâ€™?
   27 |     rclcpp::Publisher<[01;31m[Kinterfaces[m[K::msg::LimbCommand>::SharedPtr publisher_;
      |                       [01;31m[K^~~~~~~~~~[m[K
      |                       [32m[Krcl_interfaces[m[K
[01m[K/home/droso1/drosophibot-ROS/limb_controller/src/limb_controller.cpp:27:51:[m[K [01;31m[Kerror: [m[Ktemplate argument 1 is invalid
   27 |     rclcpp::Publisher<interfaces::msg::LimbCommand[01;31m[K>[m[K::SharedPtr publisher_;
      |                                                   [01;31m[K^[m[K
[01m[K/home/droso1/drosophibot-ROS/limb_controller/src/limb_controller.cpp:27:54:[m[K [01;31m[Kerror: [m[Kexpected â€˜[01m[K;[m[Kâ€™ at end of member declaration
   27 |     rclcpp::Publisher<interfaces::msg::LimbCommand>::[01;31m[KSharedPtr[m[K publisher_;
      |                                                      [01;31m[K^~~~~~~~~[m[K
      |                                                               [32m[K;[m[K
[01m[K/home/droso1/drosophibot-ROS/limb_controller/src/limb_controller.cpp:27:64:[m[K [01;31m[Kerror: [m[Kâ€˜[01m[Kpublisher_[m[Kâ€™ does not name a type; did you mean â€˜[01m[Krmw_publisher_t[m[Kâ€™?
   27 |     rclcpp::Publisher<interfaces::msg::LimbCommand>::SharedPtr [01;31m[Kpublisher_[m[K;
      |                                                                [01;31m[K^~~~~~~~~~[m[K
      |                                                                [32m[Krmw_publisher_t[m[K
[01m[K/home/droso1/drosophibot-ROS/limb_controller/src/limb_controller.cpp:[m[K In constructor â€˜[01m[KLimbController::[01;32m[KLimbController[m[K()[m[Kâ€™:
[01m[K/home/droso1/drosophibot-ROS/limb_controller/src/limb_controller.cpp:14:9:[m[K [01;31m[Kerror: [m[Kâ€˜[01m[Kpublisher_[m[Kâ€™ was not declared in this scope; did you mean â€˜[01m[Krmw_publisher_t[m[Kâ€™?
   14 |         [01;31m[Kpublisher_[m[K = this->create_publisher<interfaces::msg::LimbCommand>("LimbCommands", 10);
      |         [01;31m[K^~~~~~~~~~[m[K
      |         [32m[Krmw_publisher_t[m[K
[01m[K/home/droso1/drosophibot-ROS/limb_controller/src/limb_controller.cpp:14:45:[m[K [01;31m[Kerror: [m[Kâ€˜[01m[Kinterfaces[m[Kâ€™ was not declared in this scope; did you mean â€˜[01m[Krcl_interfaces[m[Kâ€™?
   14 |         publisher_ = this->create_publisher<[01;31m[Kinterfaces[m[K::msg::LimbCommand>("LimbCommands", 10);
      |                                             [01;31m[K^~~~~~~~~~[m[K
      |                                             [32m[Krcl_interfaces[m[K
[01m[K/home/droso1/drosophibot-ROS/limb_controller/src/limb_controller.cpp:14:28:[m[K [01;31m[Kerror: [m[Kparse error in template argument list
   14 |         publisher_ = this->[01;31m[Kcreate_publisher<interfaces::msg::LimbCommand>[m[K("LimbCommands", 10);
      |                            [01;31m[K^~~~~~~~~~~~~~~~~~~~~~~~~~~~~~~~~~~~~~~~~~~~~~[m[K
[01m[K/home/droso1/drosophibot-ROS/limb_controller/src/limb_controller.cpp:14:74:[m[K [01;31m[Kerror: [m[Kno matching function for call to â€˜[01m[KLimbController::create_publisher<<expression error> >(const char [13], int)[m[Kâ€™
   14 |         publisher_ = [01;31m[Kthis->create_publisher<interfaces::msg::LimbCommand>("LimbCommands", 10)[m[K;
      |                      [01;31m[K~~~~~~~~~~~~~~~~~~~~~~~~~~~~~~~~~~~~~~~~~~~~~~~~~~~~^~~~~~~~~~~~~~~~~~~~[m[K
In file included from [01m[K/opt/ros/jazzy/include/rclcpp/rclcpp/executors/single_threaded_executor.hpp:28[m[K,
                 from [01m[K/opt/ros/jazzy/include/rclcpp/rclcpp/executors.hpp:22[m[K,
                 from [01m[K/opt/ros/jazzy/include/rclcpp/rclcpp/rclcpp.hpp:172[m[K,
                 from [01m[K/home/droso1/drosophibot-ROS/limb_controller/src/limb_controller.cpp:6[m[K:
[01m[K/opt/ros/jazzy/include/rclcpp/rclcpp/node.hpp:197:3:[m[K [01;36m[Knote: [m[Kcandidate: â€˜[01m[Ktemplate<class MessageT, class AllocatorT, class PublisherT> std::shared_ptr<PublisherT> rclcpp::Node::[01;32m[Kcreate_publisher[m[K(const std::string&, const rclcpp::QoS&, const rclcpp::PublisherOptionsWithAllocator<AllocatorT>&)[m[Kâ€™
  197 |   [01;36m[Kcreate_publisher[m[K(
      |   [01;36m[K^~~~~~~~~~~~~~~~[m[K
[01m[K/opt/ros/jazzy/include/rclcpp/rclcpp/node.hpp:197:3:[m[K [01;36m[Knote: [m[K  template argument deduction/substitution failed:
[01m[K/home/droso1/drosophibot-ROS/limb_controller/src/limb_controller.cpp:14:74:[m[K [01;31m[Kerror: [m[Ktemplate argument 1 is invalid
   14 |         publisher_ = [01;31m[Kthis->create_publisher<interfaces::msg::LimbCommand>("LimbCommands", 10)[m[K;
      |                      [01;31m[K~~~~~~~~~~~~~~~~~~~~~~~~~~~~~~~~~~~~~~~~~~~~~~~~~~~~^~~~~~~~~~~~~~~~~~~~[m[K
[01m[K/home/droso1/drosophibot-ROS/limb_controller/src/limb_controller.cpp:16:9:[m[K [01;31m[Kerror: [m[Kunable to find numeric literal operator â€˜[01m[Koperator""ms[m[Kâ€™
   16 |         [01;31m[K500ms[m[K, std::bind(&LimbController::timer_callback, this));
      |         [01;31m[K^~~~~[m[K
[01m[K/home/droso1/drosophibot-ROS/limb_controller/src/limb_controller.cpp:[m[K In member function â€˜[01m[Kvoid LimbController::[01;32m[Ktimer_callback[m[K()[m[Kâ€™:
[01m[K/home/droso1/drosophibot-ROS/limb_controller/src/limb_controller.cpp:22:24:[m[K [01;31m[Kerror: [m[Kâ€˜[01m[Kinterfaces[m[Kâ€™ has not been declared
   22 |         auto message = [01;31m[Kinterfaces[m[K::msg::LimbCommand();
      |                        [01;31m[K^~~~~~~~~~[m[K
[01m[K/home/droso1/drosophibot-ROS/limb_controller/src/limb_controller.cpp:24:9:[m[K [01;31m[Kerror: [m[Kâ€˜[01m[Kpublisher_[m[Kâ€™ was not declared in this scope; did you mean â€˜[01m[Krmw_publisher_t[m[Kâ€™?
   24 |         [01;31m[Kpublisher_[m[K->publish(message);
      |         [01;31m[K^~~~~~~~~~[m[K
      |         [32m[Krmw_publisher_t[m[K
gmake[2]: *** [CMakeFiles/limb_controller.dir/build.make:76: CMakeFiles/limb_controller.dir/src/limb_controller.cpp.o] Error 1
gmake[1]: *** [CMakeFiles/Makefile2:137: CMakeFiles/limb_controller.dir/all] Error 2
gmake: *** [Makefile:146: all] Error 2
