[0.047s] Invoking command in '/home/droso1/drosophibot-ROS/build/limb_controller': CMAKE_PREFIX_PATH=${CMAKE_PREFIX_PATH}:/opt/ros/jazzy /usr/bin/cmake /home/droso1/drosophibot-ROS/limb_controller -DCMAKE_INSTALL_PREFIX=/home/droso1/drosophibot-ROS/install/limb_controller
[0.106s] -- Found ament_cmake: 2.5.4 (/opt/ros/jazzy/share/ament_cmake/cmake)
[1.067s] -- Found rclcpp: 28.1.13 (/opt/ros/jazzy/share/rclcpp/cmake)
[1.195s] -- Found rosidl_generator_c: 4.6.6 (/opt/ros/jazzy/share/rosidl_generator_c/cmake)
[1.235s] -- Found rosidl_generator_cpp: 4.6.6 (/opt/ros/jazzy/share/rosidl_generator_cpp/cmake)
[1.283s] -- Using all available rosidl_typesupport_c: rosidl_typesupport_fastrtps_c;rosidl_typesupport_introspection_c
[1.340s] -- Using all available rosidl_typesupport_cpp: rosidl_typesupport_fastrtps_cpp;rosidl_typesupport_introspection_cpp
[1.571s] -- Found rmw_implementation_cmake: 7.3.2 (/opt/ros/jazzy/share/rmw_implementation_cmake/cmake)
[1.578s] -- Found rmw_fastrtps_cpp: 8.4.3 (/opt/ros/jazzy/share/rmw_fastrtps_cpp/cmake)
[1.825s] -- Using RMW implementation 'rmw_fastrtps_cpp' as default
[2.043s] -- Found interfaces: 0.0.0 (/home/droso1/drosophibot-ROS/install/interfaces/share/interfaces/cmake)
[2.085s] -- Found ament_lint_auto: 0.17.3 (/opt/ros/jazzy/share/ament_lint_auto/cmake)
[2.501s] -- Added test 'cppcheck' to perform static code analysis on C / C++ code
[2.501s] -- Configured cppcheck include dirs: /home/droso1/drosophibot-ROS/limb_controller/include
[2.501s] -- Configured cppcheck exclude dirs and/or files: 
[2.505s] -- Added test 'lint_cmake' to check CMake code style
[2.514s] -- Added test 'uncrustify' to check C / C++ code style
[2.514s] -- Configured uncrustify additional arguments: 
[2.516s] -- Added test 'xmllint' to check XML markup files
[2.520s] -- Configuring done (2.4s)
[2.581s] -- Generating done (0.0s)
[2.596s] -- Build files have been written to: /home/droso1/drosophibot-ROS/build/limb_controller
[2.617s] Invoked command in '/home/droso1/drosophibot-ROS/build/limb_controller' returned '0': CMAKE_PREFIX_PATH=${CMAKE_PREFIX_PATH}:/opt/ros/jazzy /usr/bin/cmake /home/droso1/drosophibot-ROS/limb_controller -DCMAKE_INSTALL_PREFIX=/home/droso1/drosophibot-ROS/install/limb_controller
[2.623s] Invoking command in '/home/droso1/drosophibot-ROS/build/limb_controller': CMAKE_PREFIX_PATH=${CMAKE_PREFIX_PATH}:/opt/ros/jazzy /usr/bin/cmake --build /home/droso1/drosophibot-ROS/build/limb_controller -- -j4 -l4
[2.870s] [ 33%] [32mBuilding CXX object CMakeFiles/limb_controller.dir/src/limb_controller.cpp.o[0m
[2.872s] [ 66%] [32mBuilding CXX object CMakeFiles/limb_controller.dir/src/Network.cpp.o[0m
[2.935s] [01m[K/home/droso1/drosophibot-ROS/limb_controller/src/Network.cpp:1:10:[m[K [01;31m[Kfatal error: [m[Kinclude/Network.h: No such file or directory
[2.936s]     1 | #include [01;31m[K"include/Network.h"[m[K
[2.936s]       |          [01;31m[K^~~~~~~~~~~~~~~~~~~[m[K
[2.937s] compilation terminated.
[2.939s] gmake[2]: *** [CMakeFiles/limb_controller.dir/build.make:90: CMakeFiles/limb_controller.dir/src/Network.cpp.o] Error 1
[2.939s] gmake[2]: *** Waiting for unfinished jobs....
[12.095s] [01m[K/home/droso1/drosophibot-ROS/limb_controller/src/limb_controller.cpp:27:23:[m[K [01;31m[Kerror: [m[Kâ€˜[01m[Kinterfaces[m[Kâ€™ was not declared in this scope; did you mean â€˜[01m[Krcl_interfaces[m[Kâ€™?
[12.096s]    27 |     rclcpp::Publisher<[01;31m[Kinterfaces[m[K::msg::LimbCommand>::SharedPtr publisher_;
[12.096s]       |                       [01;31m[K^~~~~~~~~~[m[K
[12.096s]       |                       [32m[Krcl_interfaces[m[K
[12.097s] [01m[K/home/droso1/drosophibot-ROS/limb_controller/src/limb_controller.cpp:27:51:[m[K [01;31m[Kerror: [m[Ktemplate argument 1 is invalid
[12.097s]    27 |     rclcpp::Publisher<interfaces::msg::LimbCommand[01;31m[K>[m[K::SharedPtr publisher_;
[12.098s]       |                                                   [01;31m[K^[m[K
[12.098s] [01m[K/home/droso1/drosophibot-ROS/limb_controller/src/limb_controller.cpp:27:54:[m[K [01;31m[Kerror: [m[Kexpected â€˜[01m[K;[m[Kâ€™ at end of member declaration
[12.098s]    27 |     rclcpp::Publisher<interfaces::msg::LimbCommand>::[01;31m[KSharedPtr[m[K publisher_;
[12.099s]       |                                                      [01;31m[K^~~~~~~~~[m[K
[12.099s]       |                                                               [32m[K;[m[K
[12.102s] [01m[K/home/droso1/drosophibot-ROS/limb_controller/src/limb_controller.cpp:27:64:[m[K [01;31m[Kerror: [m[Kâ€˜[01m[Kpublisher_[m[Kâ€™ does not name a type; did you mean â€˜[01m[Krmw_publisher_t[m[Kâ€™?
[12.103s]    27 |     rclcpp::Publisher<interfaces::msg::LimbCommand>::SharedPtr [01;31m[Kpublisher_[m[K;
[12.103s]       |                                                                [01;31m[K^~~~~~~~~~[m[K
[12.104s]       |                                                                [32m[Krmw_publisher_t[m[K
[12.130s] [01m[K/home/droso1/drosophibot-ROS/limb_controller/src/limb_controller.cpp:[m[K In constructor â€˜[01m[KLimbController::[01;32m[KLimbController[m[K()[m[Kâ€™:
[12.130s] [01m[K/home/droso1/drosophibot-ROS/limb_controller/src/limb_controller.cpp:14:9:[m[K [01;31m[Kerror: [m[Kâ€˜[01m[Kpublisher_[m[Kâ€™ was not declared in this scope; did you mean â€˜[01m[Krmw_publisher_t[m[Kâ€™?
[12.131s]    14 |         [01;31m[Kpublisher_[m[K = this->create_publisher<interfaces::msg::LimbCommand>("LimbCommands", 10);
[12.131s]       |         [01;31m[K^~~~~~~~~~[m[K
[12.132s]       |         [32m[Krmw_publisher_t[m[K
[12.156s] [01m[K/home/droso1/drosophibot-ROS/limb_controller/src/limb_controller.cpp:14:45:[m[K [01;31m[Kerror: [m[Kâ€˜[01m[Kinterfaces[m[Kâ€™ was not declared in this scope; did you mean â€˜[01m[Krcl_interfaces[m[Kâ€™?
[12.156s]    14 |         publisher_ = this->create_publisher<[01;31m[Kinterfaces[m[K::msg::LimbCommand>("LimbCommands", 10);
[12.157s]       |                                             [01;31m[K^~~~~~~~~~[m[K
[12.157s]       |                                             [32m[Krcl_interfaces[m[K
[12.157s] [01m[K/home/droso1/drosophibot-ROS/limb_controller/src/limb_controller.cpp:14:28:[m[K [01;31m[Kerror: [m[Kparse error in template argument list
[12.158s]    14 |         publisher_ = this->[01;31m[Kcreate_publisher<interfaces::msg::LimbCommand>[m[K("LimbCommands", 10);
[12.158s]       |                            [01;31m[K^~~~~~~~~~~~~~~~~~~~~~~~~~~~~~~~~~~~~~~~~~~~~~[m[K
[12.159s] [01m[K/home/droso1/drosophibot-ROS/limb_controller/src/limb_controller.cpp:14:74:[m[K [01;31m[Kerror: [m[Kno matching function for call to â€˜[01m[KLimbController::create_publisher<<expression error> >(const char [13], int)[m[Kâ€™
[12.159s]    14 |         publisher_ = [01;31m[Kthis->create_publisher<interfaces::msg::LimbCommand>("LimbCommands", 10)[m[K;
[12.159s]       |                      [01;31m[K~~~~~~~~~~~~~~~~~~~~~~~~~~~~~~~~~~~~~~~~~~~~~~~~~~~~^~~~~~~~~~~~~~~~~~~~[m[K
[12.160s] In file included from [01m[K/opt/ros/jazzy/include/rclcpp/rclcpp/executors/single_threaded_executor.hpp:28[m[K,
[12.160s]                  from [01m[K/opt/ros/jazzy/include/rclcpp/rclcpp/executors.hpp:22[m[K,
[12.160s]                  from [01m[K/opt/ros/jazzy/include/rclcpp/rclcpp/rclcpp.hpp:172[m[K,
[12.161s]                  from [01m[K/home/droso1/drosophibot-ROS/limb_controller/src/limb_controller.cpp:6[m[K:
[12.161s] [01m[K/opt/ros/jazzy/include/rclcpp/rclcpp/node.hpp:197:3:[m[K [01;36m[Knote: [m[Kcandidate: â€˜[01m[Ktemplate<class MessageT, class AllocatorT, class PublisherT> std::shared_ptr<PublisherT> rclcpp::Node::[01;32m[Kcreate_publisher[m[K(const std::string&, const rclcpp::QoS&, const rclcpp::PublisherOptionsWithAllocator<AllocatorT>&)[m[Kâ€™
[12.161s]   197 |   [01;36m[Kcreate_publisher[m[K(
[12.162s]       |   [01;36m[K^~~~~~~~~~~~~~~~[m[K
[12.162s] [01m[K/opt/ros/jazzy/include/rclcpp/rclcpp/node.hpp:197:3:[m[K [01;36m[Knote: [m[K  template argument deduction/substitution failed:
[12.163s] [01m[K/home/droso1/drosophibot-ROS/limb_controller/src/limb_controller.cpp:14:74:[m[K [01;31m[Kerror: [m[Ktemplate argument 1 is invalid
[12.163s]    14 |         publisher_ = [01;31m[Kthis->create_publisher<interfaces::msg::LimbCommand>("LimbCommands", 10)[m[K;
[12.163s]       |                      [01;31m[K~~~~~~~~~~~~~~~~~~~~~~~~~~~~~~~~~~~~~~~~~~~~~~~~~~~~^~~~~~~~~~~~~~~~~~~~[m[K
[12.164s] [01m[K/home/droso1/drosophibot-ROS/limb_controller/src/limb_controller.cpp:16:9:[m[K [01;31m[Kerror: [m[Kunable to find numeric literal operator â€˜[01m[Koperator""ms[m[Kâ€™
[12.164s]    16 |         [01;31m[K500ms[m[K, std::bind(&LimbController::timer_callback, this));
[12.164s]       |         [01;31m[K^~~~~[m[K
[12.172s] [01m[K/home/droso1/drosophibot-ROS/limb_controller/src/limb_controller.cpp:[m[K In member function â€˜[01m[Kvoid LimbController::[01;32m[Ktimer_callback[m[K()[m[Kâ€™:
[12.172s] [01m[K/home/droso1/drosophibot-ROS/limb_controller/src/limb_controller.cpp:22:24:[m[K [01;31m[Kerror: [m[Kâ€˜[01m[Kinterfaces[m[Kâ€™ has not been declared
[12.173s]    22 |         auto message = [01;31m[Kinterfaces[m[K::msg::LimbCommand();
[12.173s]       |                        [01;31m[K^~~~~~~~~~[m[K
[12.197s] [01m[K/home/droso1/drosophibot-ROS/limb_controller/src/limb_controller.cpp:24:9:[m[K [01;31m[Kerror: [m[Kâ€˜[01m[Kpublisher_[m[Kâ€™ was not declared in this scope; did you mean â€˜[01m[Krmw_publisher_t[m[Kâ€™?
[12.198s]    24 |         [01;31m[Kpublisher_[m[K->publish(message);
[12.198s]       |         [01;31m[K^~~~~~~~~~[m[K
[12.199s]       |         [32m[Krmw_publisher_t[m[K
[14.503s] gmake[2]: *** [CMakeFiles/limb_controller.dir/build.make:76: CMakeFiles/limb_controller.dir/src/limb_controller.cpp.o] Error 1
[14.503s] gmake[1]: *** [CMakeFiles/Makefile2:137: CMakeFiles/limb_controller.dir/all] Error 2
[14.504s] gmake: *** [Makefile:146: all] Error 2
[14.513s] Invoked command in '/home/droso1/drosophibot-ROS/build/limb_controller' returned '2': CMAKE_PREFIX_PATH=${CMAKE_PREFIX_PATH}:/opt/ros/jazzy /usr/bin/cmake --build /home/droso1/drosophibot-ROS/build/limb_controller -- -j4 -l4
