[ 50%] [32mBuilding CXX object CMakeFiles/motor_control.dir/src/motor_control.cpp.o[0m
[01m[K/home/droso1/drosophibot-ROS/motor_control/src/motor_control.cpp:[m[K In member function â€˜[01m[Kvoid MotorController::[01;32m[Ktopic_callback[m[K(interfaces::msg::MotorCommand_<std::allocator<void> >::SharedPtr) const[m[Kâ€™:
[01m[K/home/droso1/drosophibot-ROS/motor_control/src/motor_control.cpp:59:72:[m[K [01;31m[Kerror: [m[Kâ€˜[01m[Kposition_command_address[m[Kâ€™ was not declared in this scope
   59 |                         packetHandler->write4ByteTxRx(portHandler, id, [01;31m[Kposition_command_address[m[K, msg.pos[id]);
      |                                                                        [01;31m[K^~~~~~~~~~~~~~~~~~~~~~~~[m[K
[01m[K/home/droso1/drosophibot-ROS/motor_control/src/motor_control.cpp:59:102:[m[K [01;31m[Kerror: [m[Kâ€˜[01m[Kconst interfaces::msg::MotorCommand_<std::allocator<void> >::SharedPtr[m[Kâ€™ {aka â€˜[01m[Kconst class std::shared_ptr<interfaces::msg::MotorCommand_<std::allocator<void> > >[m[Kâ€™} has no member named â€˜[01m[Kpos[m[Kâ€™
   59 |                       packetHandler->write4ByteTxRx(portHandler, id, position_command_address, msg.[01;31m[Kpos[m[K[id]);
      |                                                                                                    [01;31m[K^~~[m[K

[01m[K/home/droso1/drosophibot-ROS/motor_control/src/motor_control.cpp:60:72:[m[K [01;31m[Kerror: [m[Kâ€˜[01m[Kvelocity_command_address[m[Kâ€™ was not declared in this scope
   60 |                         packetHandler->write4ByteTxRx(portHandler, id, [01;31m[Kvelocity_command_address[m[K, msg.vel[id]);
      |                                                                        [01;31m[K^~~~~~~~~~~~~~~~~~~~~~~~[m[K
[01m[K/home/droso1/drosophibot-ROS/motor_control/src/motor_control.cpp:60:102:[m[K [01;31m[Kerror: [m[Kâ€˜[01m[Kconst interfaces::msg::MotorCommand_<std::allocator<void> >::SharedPtr[m[Kâ€™ {aka â€˜[01m[Kconst class std::shared_ptr<interfaces::msg::MotorCommand_<std::allocator<void> > >[m[Kâ€™} has no member named â€˜[01m[Kvel[m[Kâ€™
   60 |                       packetHandler->write4ByteTxRx(portHandler, id, velocity_command_address, msg.[01;31m[Kvel[m[K[id]);
      |                                                                                                    [01;31m[K^~~[m[K

gmake[2]: *** [CMakeFiles/motor_control.dir/build.make:76: CMakeFiles/motor_control.dir/src/motor_control.cpp.o] Error 1
gmake[1]: *** [CMakeFiles/Makefile2:137: CMakeFiles/motor_control.dir/all] Error 2
gmake: *** [Makefile:146: all] Error 2
