[0.062s] Invoking command in '/home/droso1/drosophibot-ROS/build/motor_control': AMENT_PREFIX_PATH=/home/droso1/drosophibot-ROS/install/interfaces:${AMENT_PREFIX_PATH} CMAKE_PREFIX_PATH=/home/droso1/drosophibot-ROS/install/interfaces:/home/droso1/drosophibot-ROS/install/testcpp:/opt/ros/jazzy LD_LIBRARY_PATH=/home/droso1/drosophibot-ROS/install/interfaces/lib:${LD_LIBRARY_PATH} PYTHONPATH=/home/droso1/drosophibot-ROS/install/interfaces/lib/python3.12/site-packages:${PYTHONPATH} /usr/bin/cmake --build /home/droso1/drosophibot-ROS/build/motor_control -- -j4 -l4
[0.346s] [ 50%] [32mBuilding CXX object CMakeFiles/motor_control.dir/src/motor_control.cpp.o[0m
[9.558s] [01m[K/home/droso1/drosophibot-ROS/motor_control/src/motor_control.cpp:38:23:[m[K [01;31m[Kerror: [m[Kâ€˜[01m[Kstd_msgs[m[Kâ€™ was not declared in this scope
[9.559s]    38 |     rclcpp::Publisher<[01;31m[Kstd_msgs[m[K::msg::String>::SharedPtr publisher_;
[9.559s]       |                       [01;31m[K^~~~~~~~[m[K
[9.559s] [01m[K/home/droso1/drosophibot-ROS/motor_control/src/motor_control.cpp:38:44:[m[K [01;31m[Kerror: [m[Ktemplate argument 1 is invalid
[9.560s]    38 |     rclcpp::Publisher<std_msgs::msg::String[01;31m[K>[m[K::SharedPtr publisher_;
[9.560s]       |                                            [01;31m[K^[m[K
[9.561s] [01m[K/home/droso1/drosophibot-ROS/motor_control/src/motor_control.cpp:38:47:[m[K [01;31m[Kerror: [m[Kexpected â€˜[01m[K;[m[Kâ€™ at end of member declaration
[9.561s]    38 |     rclcpp::Publisher<std_msgs::msg::String>::[01;31m[KSharedPtr[m[K publisher_;
[9.561s]       |                                               [01;31m[K^~~~~~~~~[m[K
[9.562s]       |                                                        [32m[K;[m[K
[9.565s] [01m[K/home/droso1/drosophibot-ROS/motor_control/src/motor_control.cpp:38:57:[m[K [01;31m[Kerror: [m[Kâ€˜[01m[Kpublisher_[m[Kâ€™ does not name a type; did you mean â€˜[01m[Krmw_publisher_t[m[Kâ€™?
[9.565s]    38 |     rclcpp::Publisher<std_msgs::msg::String>::SharedPtr [01;31m[Kpublisher_[m[K;
[9.566s]       |                                                         [01;31m[K^~~~~~~~~~[m[K
[9.566s]       |                                                         [32m[Krmw_publisher_t[m[K
[9.593s] [01m[K/home/droso1/drosophibot-ROS/motor_control/src/motor_control.cpp:[m[K In constructor â€˜[01m[KMotorController::[01;32m[KMotorController[m[K()[m[Kâ€™:
[9.593s] [01m[K/home/droso1/drosophibot-ROS/motor_control/src/motor_control.cpp:21:9:[m[K [01;31m[Kerror: [m[Kâ€˜[01m[Kpublisher_[m[Kâ€™ was not declared in this scope; did you mean â€˜[01m[Krmw_publisher_t[m[Kâ€™?
[9.594s]    21 |         [01;31m[Kpublisher_[m[K = this->create_publisher<std_msgs::msg::motordata>("motor_outputs", 10);
[9.594s]       |         [01;31m[K^~~~~~~~~~[m[K
[9.594s]       |         [32m[Krmw_publisher_t[m[K
[9.617s] [01m[K/home/droso1/drosophibot-ROS/motor_control/src/motor_control.cpp:21:45:[m[K [01;31m[Kerror: [m[Kâ€˜[01m[Kstd_msgs[m[Kâ€™ was not declared in this scope
[9.618s]    21 |         publisher_ = this->create_publisher<[01;31m[Kstd_msgs[m[K::msg::motordata>("motor_outputs", 10);
[9.618s]       |                                             [01;31m[K^~~~~~~~[m[K
[9.618s] [01m[K/home/droso1/drosophibot-ROS/motor_control/src/motor_control.cpp:21:28:[m[K [01;31m[Kerror: [m[Kparse error in template argument list
[9.619s]    21 |         publisher_ = this->[01;31m[Kcreate_publisher<std_msgs::msg::motordata>[m[K("motor_outputs", 10);
[9.619s]       |                            [01;31m[K^~~~~~~~~~~~~~~~~~~~~~~~~~~~~~~~~~~~~~~~~~[m[K
[9.620s] [01m[K/home/droso1/drosophibot-ROS/motor_control/src/motor_control.cpp:21:70:[m[K [01;31m[Kerror: [m[Kno matching function for call to â€˜[01m[KMotorController::create_publisher<<expression error> >(const char [14], int)[m[Kâ€™
[9.621s]    21 |         publisher_ = [01;31m[Kthis->create_publisher<std_msgs::msg::motordata>("motor_outputs", 10)[m[K;
[9.621s]       |                      [01;31m[K~~~~~~~~~~~~~~~~~~~~~~~~~~~~~~~~~~~~~~~~~~~~~~~~^~~~~~~~~~~~~~~~~~~~~[m[K
[9.622s] In file included from [01m[K/opt/ros/jazzy/include/rclcpp/rclcpp/executors/single_threaded_executor.hpp:28[m[K,
[9.622s]                  from [01m[K/opt/ros/jazzy/include/rclcpp/rclcpp/executors.hpp:22[m[K,
[9.622s]                  from [01m[K/opt/ros/jazzy/include/rclcpp/rclcpp/rclcpp.hpp:172[m[K,
[9.623s]                  from [01m[K/home/droso1/drosophibot-ROS/motor_control/src/motor_control.cpp:6[m[K:
[9.623s] [01m[K/opt/ros/jazzy/include/rclcpp/rclcpp/node.hpp:197:3:[m[K [01;36m[Knote: [m[Kcandidate: â€˜[01m[Ktemplate<class MessageT, class AllocatorT, class PublisherT> std::shared_ptr<PublisherT> rclcpp::Node::[01;32m[Kcreate_publisher[m[K(const std::string&, const rclcpp::QoS&, const rclcpp::PublisherOptionsWithAllocator<AllocatorT>&)[m[Kâ€™
[9.624s]   197 |   [01;36m[Kcreate_publisher[m[K(
[9.624s]       |   [01;36m[K^~~~~~~~~~~~~~~~[m[K
[9.625s] [01m[K/opt/ros/jazzy/include/rclcpp/rclcpp/node.hpp:197:3:[m[K [01;36m[Knote: [m[K  template argument deduction/substitution failed:
[9.625s] [01m[K/home/droso1/drosophibot-ROS/motor_control/src/motor_control.cpp:21:70:[m[K [01;31m[Kerror: [m[Ktemplate argument 1 is invalid
[9.629s]    21 |         publisher_ = [01;31m[Kthis->create_publisher<std_msgs::msg::motordata>("motor_outputs", 10)[m[K;
[9.630s]       |                      [01;31m[K~~~~~~~~~~~~~~~~~~~~~~~~~~~~~~~~~~~~~~~~~~~~~~~~^~~~~~~~~~~~~~~~~~~~~[m[K
[9.630s] [01m[K/home/droso1/drosophibot-ROS/motor_control/src/motor_control.cpp:23:27:[m[K [01;31m[Kerror: [m[Kâ€˜[01m[KMinimalPublisher[m[Kâ€™ has not been declared
[9.631s]    23 |         500ms, std::bind(&[01;31m[KMinimalPublisher[m[K::timer_callback, this));
[9.631s]       |                           [01;31m[K^~~~~~~~~~~~~~~~[m[K
[9.631s] [01m[K/home/droso1/drosophibot-ROS/motor_control/src/motor_control.cpp:[m[K In member function â€˜[01m[Kvoid MotorController::[01;32m[Ktimer_callback[m[K()[m[Kâ€™:
[9.632s] [01m[K/home/droso1/drosophibot-ROS/motor_control/src/motor_control.cpp:29:24:[m[K [01;31m[Kerror: [m[Kâ€˜[01m[Kstd_msgs[m[Kâ€™ has not been declared
[9.633s]    29 |         auto message = [01;31m[Kstd_msgs[m[K::msg::motordata();
[9.633s]       |                        [01;31m[K^~~~~~~~[m[K
[9.647s] [01m[K/home/droso1/drosophibot-ROS/motor_control/src/motor_control.cpp:35:9:[m[K [01;31m[Kerror: [m[Kâ€˜[01m[Kpublisher_[m[Kâ€™ was not declared in this scope; did you mean â€˜[01m[Krmw_publisher_t[m[Kâ€™?
[9.647s]    35 |         [01;31m[Kpublisher_[m[K->publish(message);
[9.648s]       |         [01;31m[K^~~~~~~~~~[m[K
[9.648s]       |         [32m[Krmw_publisher_t[m[K
[11.952s] gmake[2]: *** [CMakeFiles/motor_control.dir/build.make:76: CMakeFiles/motor_control.dir/src/motor_control.cpp.o] Error 1
[11.953s] gmake[1]: *** [CMakeFiles/Makefile2:137: CMakeFiles/motor_control.dir/all] Error 2
[11.954s] gmake: *** [Makefile:146: all] Error 2
[11.962s] Invoked command in '/home/droso1/drosophibot-ROS/build/motor_control' returned '2': AMENT_PREFIX_PATH=/home/droso1/drosophibot-ROS/install/interfaces:${AMENT_PREFIX_PATH} CMAKE_PREFIX_PATH=/home/droso1/drosophibot-ROS/install/interfaces:/home/droso1/drosophibot-ROS/install/testcpp:/opt/ros/jazzy LD_LIBRARY_PATH=/home/droso1/drosophibot-ROS/install/interfaces/lib:${LD_LIBRARY_PATH} PYTHONPATH=/home/droso1/drosophibot-ROS/install/interfaces/lib/python3.12/site-packages:${PYTHONPATH} /usr/bin/cmake --build /home/droso1/drosophibot-ROS/build/motor_control -- -j4 -l4
