[0.065s] Invoking command in '/home/droso1/drosophibot-ROS/build/strain_monitor': CMAKE_PREFIX_PATH=/home/droso1/drosophibot-ROS/install/interfaces:/home/droso1/drosophibot-ROS/install/testcpp:/home/droso1/drosophibot-ROS/install/pubsub:/home/droso1/drosophibot-ROS/install/motor_control:/home/droso1/drosophibot-ROS/install/limb_controller:/opt/ros/jazzy /usr/bin/cmake /home/droso1/drosophibot-ROS/strain_monitor -DCMAKE_INSTALL_PREFIX=/home/droso1/drosophibot-ROS/install/strain_monitor
[0.392s] -- The C compiler identification is GNU 13.3.0
[0.692s] -- The CXX compiler identification is GNU 13.3.0
[0.789s] -- Detecting C compiler ABI info
[1.283s] -- Detecting C compiler ABI info - done
[1.319s] -- Check for working C compiler: /usr/bin/cc - skipped
[1.323s] -- Detecting C compile features
[1.326s] -- Detecting C compile features - done
[1.378s] -- Detecting CXX compiler ABI info
[1.904s] -- Detecting CXX compiler ABI info - done
[1.940s] -- Check for working CXX compiler: /usr/bin/c++ - skipped
[1.941s] -- Detecting CXX compile features
[1.943s] -- Detecting CXX compile features - done
[1.969s] -- Found ament_cmake: 2.5.4 (/opt/ros/jazzy/share/ament_cmake/cmake)
[2.718s] -- Found Python3: /usr/bin/python3 (found version "3.12.3") found components: Interpreter 
[3.356s] -- Found rclcpp: 28.1.13 (/opt/ros/jazzy/share/rclcpp/cmake)
[3.667s] -- Found rosidl_generator_c: 4.6.6 (/opt/ros/jazzy/share/rosidl_generator_c/cmake)
[3.763s] -- Found rosidl_generator_cpp: 4.6.6 (/opt/ros/jazzy/share/rosidl_generator_cpp/cmake)
[3.875s] -- Using all available rosidl_typesupport_c: rosidl_typesupport_fastrtps_c;rosidl_typesupport_introspection_c
[3.989s] -- Using all available rosidl_typesupport_cpp: rosidl_typesupport_fastrtps_cpp;rosidl_typesupport_introspection_cpp
[4.471s] -- Found rmw_implementation_cmake: 7.3.2 (/opt/ros/jazzy/share/rmw_implementation_cmake/cmake)
[4.500s] -- Found rmw_fastrtps_cpp: 8.4.3 (/opt/ros/jazzy/share/rmw_fastrtps_cpp/cmake)
[5.054s] -- Found OpenSSL: /usr/lib/aarch64-linux-gnu/libcrypto.so (found version "3.0.13")  
[5.132s] -- Found FastRTPS: /opt/ros/jazzy/include (Required is at least version "2.13") 
[5.227s] -- Using RMW implementation 'rmw_fastrtps_cpp' as default
[5.622s] -- Found interfaces: 0.0.0 (/home/droso1/drosophibot-ROS/install/interfaces/share/interfaces/cmake)
[5.690s] -- Found ament_lint_auto: 0.17.3 (/opt/ros/jazzy/share/ament_lint_auto/cmake)
[6.254s] -- Added test 'cppcheck' to perform static code analysis on C / C++ code
[6.254s] -- Configured cppcheck include dirs: 
[6.254s] -- Configured cppcheck exclude dirs and/or files: 
[6.259s] -- Added test 'lint_cmake' to check CMake code style
[6.267s] -- Added test 'uncrustify' to check C / C++ code style
[6.268s] -- Configured uncrustify additional arguments: 
[6.271s] -- Added test 'xmllint' to check XML markup files
[6.280s] -- Configuring done (6.2s)
[6.346s] -- Generating done (0.0s)
[6.361s] -- Build files have been written to: /home/droso1/drosophibot-ROS/build/strain_monitor
[6.398s] Invoked command in '/home/droso1/drosophibot-ROS/build/strain_monitor' returned '0': CMAKE_PREFIX_PATH=/home/droso1/drosophibot-ROS/install/interfaces:/home/droso1/drosophibot-ROS/install/testcpp:/home/droso1/drosophibot-ROS/install/pubsub:/home/droso1/drosophibot-ROS/install/motor_control:/home/droso1/drosophibot-ROS/install/limb_controller:/opt/ros/jazzy /usr/bin/cmake /home/droso1/drosophibot-ROS/strain_monitor -DCMAKE_INSTALL_PREFIX=/home/droso1/drosophibot-ROS/install/strain_monitor
[6.404s] Invoking command in '/home/droso1/drosophibot-ROS/build/strain_monitor': CMAKE_PREFIX_PATH=/home/droso1/drosophibot-ROS/install/interfaces:/home/droso1/drosophibot-ROS/install/testcpp:/home/droso1/drosophibot-ROS/install/pubsub:/home/droso1/drosophibot-ROS/install/motor_control:/home/droso1/drosophibot-ROS/install/limb_controller:/opt/ros/jazzy /usr/bin/cmake --build /home/droso1/drosophibot-ROS/build/strain_monitor -- -j4 -l4
[6.668s] [ 50%] [32mBuilding CXX object CMakeFiles/strain_monitor.dir/src/strain_monitor.cpp.o[0m
[15.995s] [01m[K/home/droso1/drosophibot-ROS/strain_monitor/src/strain_monitor.cpp:[m[K In constructor â€˜[01m[KStrainMonitor::[01;32m[KStrainMonitor[m[K()[m[Kâ€™:
[15.996s] [01m[K/home/droso1/drosophibot-ROS/strain_monitor/src/strain_monitor.cpp:27:62:[m[K [01;31m[Kerror: [m[Kâ€˜[01m[KLimbCommand[m[Kâ€™ is not a member of â€˜[01m[Kinterfaces::msg[m[Kâ€™
[15.997s]    27 |         publisher_ = this->create_publisher<interfaces::msg::[01;31m[KLimbCommand[m[K>("StrainData", 10);
[15.997s]       |                                                              [01;31m[K^~~~~~~~~~~[m[K
[15.997s] [01m[K/home/droso1/drosophibot-ROS/strain_monitor/src/strain_monitor.cpp:27:74:[m[K [01;31m[Kerror: [m[Kno matching function for call to â€˜[01m[KStrainMonitor::create_publisher<<expression error> >(const char [11], int)[m[Kâ€™
[15.998s]    27 |         publisher_ = [01;31m[Kthis->create_publisher<interfaces::msg::LimbCommand>("StrainData", 10)[m[K;
[15.998s]       |                      [01;31m[K~~~~~~~~~~~~~~~~~~~~~~~~~~~~~~~~~~~~~~~~~~~~~~~~~~~~^~~~~~~~~~~~~~~~~~[m[K
[15.998s] In file included from [01m[K/opt/ros/jazzy/include/rclcpp/rclcpp/executors/single_threaded_executor.hpp:28[m[K,
[15.999s]                  from [01m[K/opt/ros/jazzy/include/rclcpp/rclcpp/executors.hpp:22[m[K,
[15.999s]                  from [01m[K/opt/ros/jazzy/include/rclcpp/rclcpp/rclcpp.hpp:172[m[K,
[16.000s]                  from [01m[K/home/droso1/drosophibot-ROS/strain_monitor/src/strain_monitor.cpp:6[m[K:
[16.000s] [01m[K/opt/ros/jazzy/include/rclcpp/rclcpp/node.hpp:197:3:[m[K [01;36m[Knote: [m[Kcandidate: â€˜[01m[Ktemplate<class MessageT, class AllocatorT, class PublisherT> std::shared_ptr<PublisherT> rclcpp::Node::[01;32m[Kcreate_publisher[m[K(const std::string&, const rclcpp::QoS&, const rclcpp::PublisherOptionsWithAllocator<AllocatorT>&)[m[Kâ€™
[16.001s]   197 |   [01;36m[Kcreate_publisher[m[K(
[16.001s]       |   [01;36m[K^~~~~~~~~~~~~~~~[m[K
[16.001s] [01m[K/opt/ros/jazzy/include/rclcpp/rclcpp/node.hpp:197:3:[m[K [01;36m[Knote: [m[K  template argument deduction/substitution failed:
[16.002s] [01m[K/home/droso1/drosophibot-ROS/strain_monitor/src/strain_monitor.cpp:27:74:[m[K [01;31m[Kerror: [m[Ktemplate argument 1 is invalid
[16.002s]    27 |         publisher_ = [01;31m[Kthis->create_publisher<interfaces::msg::LimbCommand>("StrainData", 10)[m[K;
[16.002s]       |                      [01;31m[K~~~~~~~~~~~~~~~~~~~~~~~~~~~~~~~~~~~~~~~~~~~~~~~~~~~~^~~~~~~~~~~~~~~~~~[m[K
[16.046s] [01m[K/home/droso1/drosophibot-ROS/strain_monitor/src/strain_monitor.cpp:[m[K In function â€˜[01m[Kint[01;32m[K main[m[K(int, char**)[m[Kâ€™:
[16.047s] [01m[K/home/droso1/drosophibot-ROS/strain_monitor/src/strain_monitor.cpp:47:35:[m[K [01;31m[Kerror: [m[Kâ€˜[01m[KLimbController[m[Kâ€™ was not declared in this scope
[16.048s]    47 |     rclcpp::spin(std::make_shared<[01;31m[KLimbController[m[K>());
[16.048s]       |                                   [01;31m[K^~~~~~~~~~~~~~[m[K
[16.048s] [01m[K/home/droso1/drosophibot-ROS/strain_monitor/src/strain_monitor.cpp:47:50:[m[K [01;31m[Kerror: [m[Kno matching function for call to â€˜[01m[Kmake_shared<<expression error> >()[m[Kâ€™
[16.049s]    47 |     rclcpp::spin([01;31m[Kstd::make_shared<LimbController>()[m[K);
[16.049s]       |                  [01;31m[K~~~~~~~~~~~~~~~~~~~~~~~~~~~~~~~~^~[m[K
[16.050s] In file included from [01m[K/usr/include/c++/13/memory:80[m[K,
[16.050s]                  from [01m[K/home/droso1/drosophibot-ROS/strain_monitor/src/strain_monitor.cpp:3[m[K:
[16.050s] [01m[K/usr/include/c++/13/bits/shared_ptr.h:1005:5:[m[K [01;36m[Knote: [m[Kcandidate: â€˜[01m[Ktemplate<class _Tp, class ... _Args> std::shared_ptr<typename std::enable_if<(! std::is_array< <template-parameter-1-1> >::value), _Tp>::type> std::[01;32m[Kmake_shared[m[K(_Args&& ...)[m[Kâ€™
[16.051s]  1005 |     [01;36m[Kmake_shared[m[K(_Args&&... __args)
[16.051s]       |     [01;36m[K^~~~~~~~~~~[m[K
[16.052s] [01m[K/usr/include/c++/13/bits/shared_ptr.h:1005:5:[m[K [01;36m[Knote: [m[K  template argument deduction/substitution failed:
[16.052s] [01m[K/home/droso1/drosophibot-ROS/strain_monitor/src/strain_monitor.cpp:47:50:[m[K [01;31m[Kerror: [m[Ktemplate argument 1 is invalid
[16.053s]    47 |     rclcpp::spin([01;31m[Kstd::make_shared<LimbController>()[m[K);
[16.053s]       |                  [01;31m[K~~~~~~~~~~~~~~~~~~~~~~~~~~~~~~~~^~[m[K
[18.535s] gmake[2]: *** [CMakeFiles/strain_monitor.dir/build.make:76: CMakeFiles/strain_monitor.dir/src/strain_monitor.cpp.o] Error 1
[18.536s] gmake[1]: *** [CMakeFiles/Makefile2:137: CMakeFiles/strain_monitor.dir/all] Error 2
[18.537s] gmake: *** [Makefile:146: all] Error 2
[18.546s] Invoked command in '/home/droso1/drosophibot-ROS/build/strain_monitor' returned '2': CMAKE_PREFIX_PATH=/home/droso1/drosophibot-ROS/install/interfaces:/home/droso1/drosophibot-ROS/install/testcpp:/home/droso1/drosophibot-ROS/install/pubsub:/home/droso1/drosophibot-ROS/install/motor_control:/home/droso1/drosophibot-ROS/install/limb_controller:/opt/ros/jazzy /usr/bin/cmake --build /home/droso1/drosophibot-ROS/build/strain_monitor -- -j4 -l4
