[0.062s] Invoking command in '/home/droso1/drosophibot-ROS/build/motor_control': AMENT_PREFIX_PATH=/home/droso1/drosophibot-ROS/install/interfaces:${AMENT_PREFIX_PATH} CMAKE_PREFIX_PATH=/home/droso1/drosophibot-ROS/install/interfaces:/home/droso1/drosophibot-ROS/install/testcpp:/opt/ros/jazzy LD_LIBRARY_PATH=/home/droso1/drosophibot-ROS/install/interfaces/lib:${LD_LIBRARY_PATH} PYTHONPATH=/home/droso1/drosophibot-ROS/install/interfaces/lib/python3.12/site-packages:${PYTHONPATH} /usr/bin/cmake --build /home/droso1/drosophibot-ROS/build/motor_control -- -j4 -l4
[0.310s] [ 50%] [32mBuilding CXX object CMakeFiles/motor_control.dir/src/motor_control.cpp.o[0m
[9.510s] [01m[K/home/droso1/drosophibot-ROS/motor_control/src/motor_control.cpp:38:23:[m[K [01;31m[Kerror: [m[Kâ€˜[01m[Kstd_msgs[m[Kâ€™ was not declared in this scope
[9.511s]    38 |     rclcpp::Publisher<[01;31m[Kstd_msgs[m[K::msg::String>::SharedPtr publisher_;
[9.511s]       |                       [01;31m[K^~~~~~~~[m[K
[9.511s] [01m[K/home/droso1/drosophibot-ROS/motor_control/src/motor_control.cpp:38:44:[m[K [01;31m[Kerror: [m[Ktemplate argument 1 is invalid
[9.512s]    38 |     rclcpp::Publisher<std_msgs::msg::String[01;31m[K>[m[K::SharedPtr publisher_;
[9.512s]       |                                            [01;31m[K^[m[K
[9.513s] [01m[K/home/droso1/drosophibot-ROS/motor_control/src/motor_control.cpp:38:47:[m[K [01;31m[Kerror: [m[Kexpected â€˜[01m[K;[m[Kâ€™ at end of member declaration
[9.514s]    38 |     rclcpp::Publisher<std_msgs::msg::String>::[01;31m[KSharedPtr[m[K publisher_;
[9.514s]       |                                               [01;31m[K^~~~~~~~~[m[K
[9.514s]       |                                                        [32m[K;[m[K
[9.520s] [01m[K/home/droso1/drosophibot-ROS/motor_control/src/motor_control.cpp:38:57:[m[K [01;31m[Kerror: [m[Kâ€˜[01m[Kpublisher_[m[Kâ€™ does not name a type; did you mean â€˜[01m[Krmw_publisher_t[m[Kâ€™?
[9.521s]    38 |     rclcpp::Publisher<std_msgs::msg::String>::SharedPtr [01;31m[Kpublisher_[m[K;
[9.521s]       |                                                         [01;31m[K^~~~~~~~~~[m[K
[9.522s]       |                                                         [32m[Krmw_publisher_t[m[K
[9.549s] [01m[K/home/droso1/drosophibot-ROS/motor_control/src/motor_control.cpp:[m[K In constructor â€˜[01m[KMotorController::[01;32m[KMotorController[m[K()[m[Kâ€™:
[9.550s] [01m[K/home/droso1/drosophibot-ROS/motor_control/src/motor_control.cpp:21:9:[m[K [01;31m[Kerror: [m[Kâ€˜[01m[Kpublisher_[m[Kâ€™ was not declared in this scope; did you mean â€˜[01m[Krmw_publisher_t[m[Kâ€™?
[9.550s]    21 |         [01;31m[Kpublisher_[m[K = this->create_publisher<std_msgs::msg::motordata>("motor_outputs", 10);
[9.551s]       |         [01;31m[K^~~~~~~~~~[m[K
[9.551s]       |         [32m[Krmw_publisher_t[m[K
[9.574s] [01m[K/home/droso1/drosophibot-ROS/motor_control/src/motor_control.cpp:21:45:[m[K [01;31m[Kerror: [m[Kâ€˜[01m[Kstd_msgs[m[Kâ€™ was not declared in this scope
[9.575s]    21 |         publisher_ = this->create_publisher<[01;31m[Kstd_msgs[m[K::msg::motordata>("motor_outputs", 10);
[9.575s]       |                                             [01;31m[K^~~~~~~~[m[K
[9.576s] [01m[K/home/droso1/drosophibot-ROS/motor_control/src/motor_control.cpp:21:28:[m[K [01;31m[Kerror: [m[Kparse error in template argument list
[9.576s]    21 |         publisher_ = this->[01;31m[Kcreate_publisher<std_msgs::msg::motordata>[m[K("motor_outputs", 10);
[9.576s]       |                            [01;31m[K^~~~~~~~~~~~~~~~~~~~~~~~~~~~~~~~~~~~~~~~~~[m[K
[9.577s] [01m[K/home/droso1/drosophibot-ROS/motor_control/src/motor_control.cpp:21:70:[m[K [01;31m[Kerror: [m[Kno matching function for call to â€˜[01m[KMotorController::create_publisher<<expression error> >(const char [14], int)[m[Kâ€™
[9.578s]    21 |         publisher_ = [01;31m[Kthis->create_publisher<std_msgs::msg::motordata>("motor_outputs", 10)[m[K;
[9.578s]       |                      [01;31m[K~~~~~~~~~~~~~~~~~~~~~~~~~~~~~~~~~~~~~~~~~~~~~~~~^~~~~~~~~~~~~~~~~~~~~[m[K
[9.578s] In file included from [01m[K/opt/ros/jazzy/include/rclcpp/rclcpp/executors/single_threaded_executor.hpp:28[m[K,
[9.579s]                  from [01m[K/opt/ros/jazzy/include/rclcpp/rclcpp/executors.hpp:22[m[K,
[9.579s]                  from [01m[K/opt/ros/jazzy/include/rclcpp/rclcpp/rclcpp.hpp:172[m[K,
[9.580s]                  from [01m[K/home/droso1/drosophibot-ROS/motor_control/src/motor_control.cpp:6[m[K:
[9.580s] [01m[K/opt/ros/jazzy/include/rclcpp/rclcpp/node.hpp:197:3:[m[K [01;36m[Knote: [m[Kcandidate: â€˜[01m[Ktemplate<class MessageT, class AllocatorT, class PublisherT> std::shared_ptr<PublisherT> rclcpp::Node::[01;32m[Kcreate_publisher[m[K(const std::string&, const rclcpp::QoS&, const rclcpp::PublisherOptionsWithAllocator<AllocatorT>&)[m[Kâ€™
[9.581s]   197 |   [01;36m[Kcreate_publisher[m[K(
[9.581s]       |   [01;36m[K^~~~~~~~~~~~~~~~[m[K
[9.582s] [01m[K/opt/ros/jazzy/include/rclcpp/rclcpp/node.hpp:197:3:[m[K [01;36m[Knote: [m[K  template argument deduction/substitution failed:
[9.582s] [01m[K/home/droso1/drosophibot-ROS/motor_control/src/motor_control.cpp:21:70:[m[K [01;31m[Kerror: [m[Ktemplate argument 1 is invalid
[9.583s]    21 |         publisher_ = [01;31m[Kthis->create_publisher<std_msgs::msg::motordata>("motor_outputs", 10)[m[K;
[9.583s]       |                      [01;31m[K~~~~~~~~~~~~~~~~~~~~~~~~~~~~~~~~~~~~~~~~~~~~~~~~^~~~~~~~~~~~~~~~~~~~~[m[K
[9.584s] [01m[K/home/droso1/drosophibot-ROS/motor_control/src/motor_control.cpp:23:27:[m[K [01;31m[Kerror: [m[Kâ€˜[01m[KMinimalPublisher[m[Kâ€™ has not been declared
[9.584s]    23 |         500ms, std::bind(&[01;31m[KMinimalPublisher[m[K::timer_callback, this));
[9.585s]       |                           [01;31m[K^~~~~~~~~~~~~~~~[m[K
[9.585s] [01m[K/home/droso1/drosophibot-ROS/motor_control/src/motor_control.cpp:[m[K In member function â€˜[01m[Kvoid MotorController::[01;32m[Ktimer_callback[m[K()[m[Kâ€™:
[9.586s] [01m[K/home/droso1/drosophibot-ROS/motor_control/src/motor_control.cpp:29:24:[m[K [01;31m[Kerror: [m[Kâ€˜[01m[Kstd_msgs[m[Kâ€™ has not been declared
[9.586s]    29 |         auto message = [01;31m[Kstd_msgs[m[K::msg::motordata();
[9.587s]       |                        [01;31m[K^~~~~~~~[m[K
[9.604s] [01m[K/home/droso1/drosophibot-ROS/motor_control/src/motor_control.cpp:35:9:[m[K [01;31m[Kerror: [m[Kâ€˜[01m[Kpublisher_[m[Kâ€™ was not declared in this scope; did you mean â€˜[01m[Krmw_publisher_t[m[Kâ€™?
[9.605s]    35 |         [01;31m[Kpublisher_[m[K->publish(message);
[9.605s]       |         [01;31m[K^~~~~~~~~~[m[K
[9.606s]       |         [32m[Krmw_publisher_t[m[K
[9.626s] [01m[K/home/droso1/drosophibot-ROS/motor_control/src/motor_control.cpp:[m[K In function â€˜[01m[Kint[01;32m[K main[m[K(int, char**)[m[Kâ€™:
[9.626s] [01m[K/home/droso1/drosophibot-ROS/motor_control/src/motor_control.cpp:45:35:[m[K [01;31m[Kerror: [m[Kâ€˜[01m[KMinimalPublisher[m[Kâ€™ was not declared in this scope
[9.627s]    45 |     rclcpp::spin(std::make_shared<[01;31m[KMinimalPublisher[m[K>());
[9.628s]       |                                   [01;31m[K^~~~~~~~~~~~~~~~[m[K
[9.628s] [01m[K/home/droso1/drosophibot-ROS/motor_control/src/motor_control.cpp:45:52:[m[K [01;31m[Kerror: [m[Kno matching function for call to â€˜[01m[Kmake_shared<<expression error> >()[m[Kâ€™
[9.628s]    45 |     rclcpp::spin([01;31m[Kstd::make_shared<MinimalPublisher>()[m[K);
[9.629s]       |                  [01;31m[K~~~~~~~~~~~~~~~~~~~~~~~~~~~~~~~~~~^~[m[K
[9.629s] In file included from [01m[K/usr/include/c++/13/memory:80[m[K,
[9.630s]                  from [01m[K/home/droso1/drosophibot-ROS/motor_control/src/motor_control.cpp:3[m[K:
[9.630s] [01m[K/usr/include/c++/13/bits/shared_ptr.h:1005:5:[m[K [01;36m[Knote: [m[Kcandidate: â€˜[01m[Ktemplate<class _Tp, class ... _Args> std::shared_ptr<typename std::enable_if<(! std::is_array< <template-parameter-1-1> >::value), _Tp>::type> std::[01;32m[Kmake_shared[m[K(_Args&& ...)[m[Kâ€™
[9.630s]  1005 |     [01;36m[Kmake_shared[m[K(_Args&&... __args)
[9.631s]       |     [01;36m[K^~~~~~~~~~~[m[K
[9.631s] [01m[K/usr/include/c++/13/bits/shared_ptr.h:1005:5:[m[K [01;36m[Knote: [m[K  template argument deduction/substitution failed:
[9.632s] [01m[K/home/droso1/drosophibot-ROS/motor_control/src/motor_control.cpp:45:52:[m[K [01;31m[Kerror: [m[Ktemplate argument 1 is invalid
[9.632s]    45 |     rclcpp::spin([01;31m[Kstd::make_shared<MinimalPublisher>()[m[K);
[9.632s]       |                  [01;31m[K~~~~~~~~~~~~~~~~~~~~~~~~~~~~~~~~~~^~[m[K
[11.887s] gmake[2]: *** [CMakeFiles/motor_control.dir/build.make:76: CMakeFiles/motor_control.dir/src/motor_control.cpp.o] Error 1
[11.888s] gmake[1]: *** [CMakeFiles/Makefile2:137: CMakeFiles/motor_control.dir/all] Error 2
[11.889s] gmake: *** [Makefile:146: all] Error 2
[11.898s] Invoked command in '/home/droso1/drosophibot-ROS/build/motor_control' returned '2': AMENT_PREFIX_PATH=/home/droso1/drosophibot-ROS/install/interfaces:${AMENT_PREFIX_PATH} CMAKE_PREFIX_PATH=/home/droso1/drosophibot-ROS/install/interfaces:/home/droso1/drosophibot-ROS/install/testcpp:/opt/ros/jazzy LD_LIBRARY_PATH=/home/droso1/drosophibot-ROS/install/interfaces/lib:${LD_LIBRARY_PATH} PYTHONPATH=/home/droso1/drosophibot-ROS/install/interfaces/lib/python3.12/site-packages:${PYTHONPATH} /usr/bin/cmake --build /home/droso1/drosophibot-ROS/build/motor_control -- -j4 -l4
