[0.000000] (-) TimerEvent: {}
[0.001512] (-) JobUnselected: {'identifier': 'interfaces'}
[0.001646] (-) JobUnselected: {'identifier': 'pubsub'}
[0.001716] (-) JobUnselected: {'identifier': 'testcpp'}
[0.001786] (motor_control) JobQueued: {'identifier': 'motor_control', 'dependencies': OrderedDict({'interfaces': '/home/droso1/drosophibot-ROS/install/interfaces'})}
[0.001873] (motor_control) JobStarted: {'identifier': 'motor_control'}
[0.049979] (motor_control) JobProgress: {'identifier': 'motor_control', 'progress': 'cmake'}
[0.052983] (motor_control) JobProgress: {'identifier': 'motor_control', 'progress': 'build'}
[0.055905] (motor_control) Command: {'cmd': ['/usr/bin/cmake', '--build', '/home/droso1/drosophibot-ROS/build/motor_control', '--', '-j4', '-l4'], 'cwd': '/home/droso1/drosophibot-ROS/build/motor_control', 'env': OrderedDict({'LESSOPEN': '| /usr/bin/lesspipe %s', 'USER': 'droso1', 'SSH_CLIENT': '192.168.137.1 62227 22', 'SSH_AGENT_PID': '4656', 'XDG_SESSION_TYPE': 'tty', 'SHLVL': '1', 'LD_LIBRARY_PATH': '/home/droso1/drosophibot-ROS/install/interfaces/lib:/opt/ros/jazzy/lib/aarch64-linux-gnu:/opt/ros/jazzy/lib', 'HOME': '/home/droso1', 'OLDPWD': '/home/droso1/drosophibot-ROS/interfaces', 'SSH_TTY': '/dev/pts/1', 'ROS_PYTHON_VERSION': '3', 'DBUS_SESSION_BUS_ADDRESS': 'unix:path=/run/user/1000/bus', 'COLCON_PREFIX_PATH': '/home/droso1/drosophibot-ROS/install', 'ROS_DISTRO': 'jazzy', 'LOGNAME': 'droso1', '_': '/usr/bin/colcon', 'ROS_VERSION': '2', 'XDG_SESSION_CLASS': 'user', 'TERM': 'xterm', 'XDG_SESSION_ID': '10', 'PATH': '/opt/ros/jazzy/bin:/usr/local/sbin:/usr/local/bin:/usr/sbin:/usr/bin:/sbin:/bin:/usr/games:/usr/local/games:/snap/bin', 'XDG_RUNTIME_DIR': '/run/user/1000', 'LANG': 'en_US.UTF-8', 'LS_COLORS': 'rs=0:di=01;34:ln=01;36:mh=00:pi=40;33:so=01;35:do=01;35:bd=40;33;01:cd=40;33;01:or=40;31;01:mi=00:su=37;41:sg=30;43:ca=00:tw=30;42:ow=34;42:st=37;44:ex=01;32:*.tar=01;31:*.tgz=01;31:*.arc=01;31:*.arj=01;31:*.taz=01;31:*.lha=01;31:*.lz4=01;31:*.lzh=01;31:*.lzma=01;31:*.tlz=01;31:*.txz=01;31:*.tzo=01;31:*.t7z=01;31:*.zip=01;31:*.z=01;31:*.dz=01;31:*.gz=01;31:*.lrz=01;31:*.lz=01;31:*.lzo=01;31:*.xz=01;31:*.zst=01;31:*.tzst=01;31:*.bz2=01;31:*.bz=01;31:*.tbz=01;31:*.tbz2=01;31:*.tz=01;31:*.deb=01;31:*.rpm=01;31:*.jar=01;31:*.war=01;31:*.ear=01;31:*.sar=01;31:*.rar=01;31:*.alz=01;31:*.ace=01;31:*.zoo=01;31:*.cpio=01;31:*.7z=01;31:*.rz=01;31:*.cab=01;31:*.wim=01;31:*.swm=01;31:*.dwm=01;31:*.esd=01;31:*.avif=01;35:*.jpg=01;35:*.jpeg=01;35:*.mjpg=01;35:*.mjpeg=01;35:*.gif=01;35:*.bmp=01;35:*.pbm=01;35:*.pgm=01;35:*.ppm=01;35:*.tga=01;35:*.xbm=01;35:*.xpm=01;35:*.tif=01;35:*.tiff=01;35:*.png=01;35:*.svg=01;35:*.svgz=01;35:*.mng=01;35:*.pcx=01;35:*.mov=01;35:*.mpg=01;35:*.mpeg=01;35:*.m2v=01;35:*.mkv=01;35:*.webm=01;35:*.webp=01;35:*.ogm=01;35:*.mp4=01;35:*.m4v=01;35:*.mp4v=01;35:*.vob=01;35:*.qt=01;35:*.nuv=01;35:*.wmv=01;35:*.asf=01;35:*.rm=01;35:*.rmvb=01;35:*.flc=01;35:*.avi=01;35:*.fli=01;35:*.flv=01;35:*.gl=01;35:*.dl=01;35:*.xcf=01;35:*.xwd=01;35:*.yuv=01;35:*.cgm=01;35:*.emf=01;35:*.ogv=01;35:*.ogx=01;35:*.aac=00;36:*.au=00;36:*.flac=00;36:*.m4a=00;36:*.mid=00;36:*.midi=00;36:*.mka=00;36:*.mp3=00;36:*.mpc=00;36:*.ogg=00;36:*.ra=00;36:*.wav=00;36:*.oga=00;36:*.opus=00;36:*.spx=00;36:*.xspf=00;36:*~=00;90:*#=00;90:*.bak=00;90:*.crdownload=00;90:*.dpkg-dist=00;90:*.dpkg-new=00;90:*.dpkg-old=00;90:*.dpkg-tmp=00;90:*.old=00;90:*.orig=00;90:*.part=00;90:*.rej=00;90:*.rpmnew=00;90:*.rpmorig=00;90:*.rpmsave=00;90:*.swp=00;90:*.tmp=00;90:*.ucf-dist=00;90:*.ucf-new=00;90:*.ucf-old=00;90:', 'SSH_AUTH_SOCK': '/tmp/ssh-Ks5JvMaKMs88/agent.4655', 'ROS_DOMAIN_ID': '1', 'AMENT_PREFIX_PATH': '/home/droso1/drosophibot-ROS/install/interfaces:/home/droso1/drosophibot-ROS/install/testcpp:/opt/ros/jazzy', 'SHELL': '/bin/bash', 'LESSCLOSE': '/usr/bin/lesspipe %s %s', 'ROS_AUTOMATIC_DISCOVERY_RANGE': 'SUBNET', 'PWD': '/home/droso1/drosophibot-ROS/build/motor_control', 'LC_ALL': 'en_US.UTF-8', 'SSH_CONNECTION': '192.168.137.1 62227 192.168.137.25 22', 'XDG_DATA_DIRS': '/usr/local/share:/usr/share:/var/lib/snapd/desktop', 'PYTHONPATH': '/home/droso1/drosophibot-ROS/install/interfaces/lib/python3.12/site-packages:/opt/ros/jazzy/lib/python3.12/site-packages', 'COLCON': '1', 'CMAKE_PREFIX_PATH': '/home/droso1/drosophibot-ROS/install/interfaces:/home/droso1/drosophibot-ROS/install/testcpp:/opt/ros/jazzy'}), 'shell': False}
[0.099272] (-) TimerEvent: {}
[0.199955] (-) TimerEvent: {}
[0.301297] (-) TimerEvent: {}
[0.358489] (motor_control) StdoutLine: {'line': b'[ 50%] \x1b[32mBuilding CXX object CMakeFiles/motor_control.dir/src/motor_control.cpp.o\x1b[0m\n'}
[0.401499] (-) TimerEvent: {}
[0.502132] (-) TimerEvent: {}
[0.602733] (-) TimerEvent: {}
[0.703321] (-) TimerEvent: {}
[0.803937] (-) TimerEvent: {}
[0.904516] (-) TimerEvent: {}
[1.005088] (-) TimerEvent: {}
[1.105676] (-) TimerEvent: {}
[1.206239] (-) TimerEvent: {}
[1.306833] (-) TimerEvent: {}
[1.407430] (-) TimerEvent: {}
[1.507989] (-) TimerEvent: {}
[1.608597] (-) TimerEvent: {}
[1.709158] (-) TimerEvent: {}
[1.809767] (-) TimerEvent: {}
[1.910400] (-) TimerEvent: {}
[2.011001] (-) TimerEvent: {}
[2.111647] (-) TimerEvent: {}
[2.212271] (-) TimerEvent: {}
[2.312910] (-) TimerEvent: {}
[2.413633] (-) TimerEvent: {}
[2.514235] (-) TimerEvent: {}
[2.614886] (-) TimerEvent: {}
[2.715499] (-) TimerEvent: {}
[2.816093] (-) TimerEvent: {}
[2.916757] (-) TimerEvent: {}
[3.017448] (-) TimerEvent: {}
[3.118070] (-) TimerEvent: {}
[3.218724] (-) TimerEvent: {}
[3.319328] (-) TimerEvent: {}
[3.419980] (-) TimerEvent: {}
[3.520624] (-) TimerEvent: {}
[3.621239] (-) TimerEvent: {}
[3.721984] (-) TimerEvent: {}
[3.822632] (-) TimerEvent: {}
[3.923249] (-) TimerEvent: {}
[4.023905] (-) TimerEvent: {}
[4.124504] (-) TimerEvent: {}
[4.225137] (-) TimerEvent: {}
[4.325825] (-) TimerEvent: {}
[4.426441] (-) TimerEvent: {}
[4.527020] (-) TimerEvent: {}
[4.627724] (-) TimerEvent: {}
[4.728413] (-) TimerEvent: {}
[4.828997] (-) TimerEvent: {}
[4.929628] (-) TimerEvent: {}
[5.030212] (-) TimerEvent: {}
[5.130903] (-) TimerEvent: {}
[5.231502] (-) TimerEvent: {}
[5.332097] (-) TimerEvent: {}
[5.432746] (-) TimerEvent: {}
[5.533377] (-) TimerEvent: {}
[5.633942] (-) TimerEvent: {}
[5.734566] (-) TimerEvent: {}
[5.835172] (-) TimerEvent: {}
[5.935862] (-) TimerEvent: {}
[6.036488] (-) TimerEvent: {}
[6.137054] (-) TimerEvent: {}
[6.237685] (-) TimerEvent: {}
[6.338268] (-) TimerEvent: {}
[6.438900] (-) TimerEvent: {}
[6.539527] (-) TimerEvent: {}
[6.640135] (-) TimerEvent: {}
[6.740786] (-) TimerEvent: {}
[6.841434] (-) TimerEvent: {}
[6.942017] (-) TimerEvent: {}
[7.042653] (-) TimerEvent: {}
[7.143263] (-) TimerEvent: {}
[7.243986] (-) TimerEvent: {}
[7.344603] (-) TimerEvent: {}
[7.445175] (-) TimerEvent: {}
[7.545868] (-) TimerEvent: {}
[7.646469] (-) TimerEvent: {}
[7.747051] (-) TimerEvent: {}
[7.847711] (-) TimerEvent: {}
[7.948310] (-) TimerEvent: {}
[8.048997] (-) TimerEvent: {}
[8.149772] (-) TimerEvent: {}
[8.250422] (-) TimerEvent: {}
[8.351009] (-) TimerEvent: {}
[8.451659] (-) TimerEvent: {}
[8.552243] (-) TimerEvent: {}
[8.652875] (-) TimerEvent: {}
[8.753493] (-) TimerEvent: {}
[8.854079] (-) TimerEvent: {}
[8.954720] (-) TimerEvent: {}
[9.055320] (-) TimerEvent: {}
[9.156016] (-) TimerEvent: {}
[9.256657] (-) TimerEvent: {}
[9.357240] (-) TimerEvent: {}
[9.457886] (-) TimerEvent: {}
[9.554176] (motor_control) StderrLine: {'line': b'\x1b[01m\x1b[K/home/droso1/drosophibot-ROS/motor_control/src/motor_control.cpp:38:23:\x1b[m\x1b[K \x1b[01;31m\x1b[Kerror: \x1b[m\x1b[K\xe2\x80\x98\x1b[01m\x1b[Kstd_msgs\x1b[m\x1b[K\xe2\x80\x99 was not declared in this scope\n'}
[9.555131] (motor_control) StderrLine: {'line': b'   38 |     rclcpp::Publisher<\x1b[01;31m\x1b[Kstd_msgs\x1b[m\x1b[K::msg::String>::SharedPtr publisher_;\n'}
[9.555638] (motor_control) StderrLine: {'line': b'      |                       \x1b[01;31m\x1b[K^~~~~~~~\x1b[m\x1b[K\n'}
[9.555972] (motor_control) StderrLine: {'line': b'\x1b[01m\x1b[K/home/droso1/drosophibot-ROS/motor_control/src/motor_control.cpp:38:44:\x1b[m\x1b[K \x1b[01;31m\x1b[Kerror: \x1b[m\x1b[Ktemplate argument 1 is invalid\n'}
[9.556384] (motor_control) StderrLine: {'line': b'   38 |     rclcpp::Publisher<std_msgs::msg::String\x1b[01;31m\x1b[K>\x1b[m\x1b[K::SharedPtr publisher_;\n'}
[9.556923] (motor_control) StderrLine: {'line': b'      |                                            \x1b[01;31m\x1b[K^\x1b[m\x1b[K\n'}
[9.557325] (motor_control) StderrLine: {'line': b'\x1b[01m\x1b[K/home/droso1/drosophibot-ROS/motor_control/src/motor_control.cpp:38:47:\x1b[m\x1b[K \x1b[01;31m\x1b[Kerror: \x1b[m\x1b[Kexpected \xe2\x80\x98\x1b[01m\x1b[K;\x1b[m\x1b[K\xe2\x80\x99 at end of member declaration\n'}
[9.557715] (motor_control) StderrLine: {'line': b'   38 |     rclcpp::Publisher<std_msgs::msg::String>::\x1b[01;31m\x1b[KSharedPtr\x1b[m\x1b[K publisher_;\n'}
[9.558044] (-) TimerEvent: {}
[9.558393] (motor_control) StderrLine: {'line': b'      |                                               \x1b[01;31m\x1b[K^~~~~~~~~\x1b[m\x1b[K\n'}
[9.558964] (motor_control) StderrLine: {'line': b'      |                                                        \x1b[32m\x1b[K;\x1b[m\x1b[K\n'}
[9.561697] (motor_control) StderrLine: {'line': b'\x1b[01m\x1b[K/home/droso1/drosophibot-ROS/motor_control/src/motor_control.cpp:38:57:\x1b[m\x1b[K \x1b[01;31m\x1b[Kerror: \x1b[m\x1b[K\xe2\x80\x98\x1b[01m\x1b[Kpublisher_\x1b[m\x1b[K\xe2\x80\x99 does not name a type; did you mean \xe2\x80\x98\x1b[01m\x1b[Krmw_publisher_t\x1b[m\x1b[K\xe2\x80\x99?\n'}
[9.562260] (motor_control) StderrLine: {'line': b'   38 |     rclcpp::Publisher<std_msgs::msg::String>::SharedPtr \x1b[01;31m\x1b[Kpublisher_\x1b[m\x1b[K;\n'}
[9.562798] (motor_control) StderrLine: {'line': b'      |                                                         \x1b[01;31m\x1b[K^~~~~~~~~~\x1b[m\x1b[K\n'}
[9.563194] (motor_control) StderrLine: {'line': b'      |                                                         \x1b[32m\x1b[Krmw_publisher_t\x1b[m\x1b[K\n'}
[9.589086] (motor_control) StderrLine: {'line': b'\x1b[01m\x1b[K/home/droso1/drosophibot-ROS/motor_control/src/motor_control.cpp:\x1b[m\x1b[K In constructor \xe2\x80\x98\x1b[01m\x1b[KMotorController::\x1b[01;32m\x1b[KMotorController\x1b[m\x1b[K()\x1b[m\x1b[K\xe2\x80\x99:\n'}
[9.589695] (motor_control) StderrLine: {'line': b'\x1b[01m\x1b[K/home/droso1/drosophibot-ROS/motor_control/src/motor_control.cpp:21:9:\x1b[m\x1b[K \x1b[01;31m\x1b[Kerror: \x1b[m\x1b[K\xe2\x80\x98\x1b[01m\x1b[Kpublisher_\x1b[m\x1b[K\xe2\x80\x99 was not declared in this scope; did you mean \xe2\x80\x98\x1b[01m\x1b[Krmw_publisher_t\x1b[m\x1b[K\xe2\x80\x99?\n'}
[9.590102] (motor_control) StderrLine: {'line': b'   21 |         \x1b[01;31m\x1b[Kpublisher_\x1b[m\x1b[K = this->create_publisher<interfaces::msg::MotorData>("motor_outputs", 10);\n'}
[9.590526] (motor_control) StderrLine: {'line': b'      |         \x1b[01;31m\x1b[K^~~~~~~~~~\x1b[m\x1b[K\n'}
[9.590914] (motor_control) StderrLine: {'line': b'      |         \x1b[32m\x1b[Krmw_publisher_t\x1b[m\x1b[K\n'}
[9.599921] (motor_control) StderrLine: {'line': b'\x1b[01m\x1b[K/home/droso1/drosophibot-ROS/motor_control/src/motor_control.cpp:23:27:\x1b[m\x1b[K \x1b[01;31m\x1b[Kerror: \x1b[m\x1b[K\xe2\x80\x98\x1b[01m\x1b[KMinimalPublisher\x1b[m\x1b[K\xe2\x80\x99 has not been declared\n'}
[9.600688] (motor_control) StderrLine: {'line': b'   23 |         500ms, std::bind(&\x1b[01;31m\x1b[KMinimalPublisher\x1b[m\x1b[K::timer_callback, this));\n'}
[9.601154] (motor_control) StderrLine: {'line': b'      |                           \x1b[01;31m\x1b[K^~~~~~~~~~~~~~~~\x1b[m\x1b[K\n'}
[9.601594] (motor_control) StderrLine: {'line': b'\x1b[01m\x1b[K/home/droso1/drosophibot-ROS/motor_control/src/motor_control.cpp:\x1b[m\x1b[K In member function \xe2\x80\x98\x1b[01m\x1b[Kvoid MotorController::\x1b[01;32m\x1b[Ktimer_callback\x1b[m\x1b[K()\x1b[m\x1b[K\xe2\x80\x99:\n'}
[9.601999] (motor_control) StderrLine: {'line': b'\x1b[01m\x1b[K/home/droso1/drosophibot-ROS/motor_control/src/motor_control.cpp:29:24:\x1b[m\x1b[K \x1b[01;31m\x1b[Kerror: \x1b[m\x1b[K\xe2\x80\x98\x1b[01m\x1b[Kstd_msgs\x1b[m\x1b[K\xe2\x80\x99 has not been declared\n'}
[9.602689] (motor_control) StderrLine: {'line': b'   29 |         auto message = \x1b[01;31m\x1b[Kstd_msgs\x1b[m\x1b[K::msg::motordata();\n'}
[9.603266] (motor_control) StderrLine: {'line': b'      |                        \x1b[01;31m\x1b[K^~~~~~~~\x1b[m\x1b[K\n'}
[9.627897] (motor_control) StderrLine: {'line': b'\x1b[01m\x1b[K/home/droso1/drosophibot-ROS/motor_control/src/motor_control.cpp:35:9:\x1b[m\x1b[K \x1b[01;31m\x1b[Kerror: \x1b[m\x1b[K\xe2\x80\x98\x1b[01m\x1b[Kpublisher_\x1b[m\x1b[K\xe2\x80\x99 was not declared in this scope; did you mean \xe2\x80\x98\x1b[01m\x1b[Krmw_publisher_t\x1b[m\x1b[K\xe2\x80\x99?\n'}
[9.632651] (motor_control) StderrLine: {'line': b'   35 |         \x1b[01;31m\x1b[Kpublisher_\x1b[m\x1b[K->publish(message);\n'}
[9.633182] (motor_control) StderrLine: {'line': b'      |         \x1b[01;31m\x1b[K^~~~~~~~~~\x1b[m\x1b[K\n'}
[9.633668] (motor_control) StderrLine: {'line': b'      |         \x1b[32m\x1b[Krmw_publisher_t\x1b[m\x1b[K\n'}
[9.658245] (-) TimerEvent: {}
[9.758905] (-) TimerEvent: {}
[9.859501] (-) TimerEvent: {}
[9.960117] (-) TimerEvent: {}
[10.060785] (-) TimerEvent: {}
[10.161444] (-) TimerEvent: {}
[10.262045] (-) TimerEvent: {}
[10.362709] (-) TimerEvent: {}
[10.463320] (-) TimerEvent: {}
[10.563964] (-) TimerEvent: {}
[10.664602] (-) TimerEvent: {}
[10.765200] (-) TimerEvent: {}
[10.865856] (-) TimerEvent: {}
[10.966481] (-) TimerEvent: {}
[11.067073] (-) TimerEvent: {}
[11.167752] (-) TimerEvent: {}
[11.268422] (-) TimerEvent: {}
[11.369052] (-) TimerEvent: {}
[11.469695] (-) TimerEvent: {}
[11.570300] (-) TimerEvent: {}
[11.670948] (-) TimerEvent: {}
[11.771614] (-) TimerEvent: {}
[11.872213] (-) TimerEvent: {}
[11.972882] (-) TimerEvent: {}
[12.073502] (-) TimerEvent: {}
[12.174101] (-) TimerEvent: {}
[12.274767] (-) TimerEvent: {}
[12.375411] (-) TimerEvent: {}
[12.476011] (-) TimerEvent: {}
[12.576672] (-) TimerEvent: {}
[12.677246] (-) TimerEvent: {}
[12.777895] (-) TimerEvent: {}
[12.826731] (motor_control) StderrLine: {'line': b'gmake[2]: *** [CMakeFiles/motor_control.dir/build.make:76: CMakeFiles/motor_control.dir/src/motor_control.cpp.o] Error 1\n'}
[12.827672] (motor_control) StderrLine: {'line': b'gmake[1]: *** [CMakeFiles/Makefile2:137: CMakeFiles/motor_control.dir/all] Error 2\n'}
[12.828563] (motor_control) StderrLine: {'line': b'gmake: *** [Makefile:146: all] Error 2\n'}
[12.836726] (motor_control) CommandEnded: {'returncode': 2}
[12.878028] (-) TimerEvent: {}
[12.882195] (motor_control) JobEnded: {'identifier': 'motor_control', 'rc': 2}
[12.893811] (-) EventReactorShutdown: {}
