[0.070s] Invoking command in '/home/droso1/drosophibot-ROS/build/strain_monitor': CMAKE_PREFIX_PATH=/home/droso1/drosophibot-ROS/install/interfaces:/home/droso1/drosophibot-ROS/install/testcpp:/home/droso1/drosophibot-ROS/install/pubsub:/home/droso1/drosophibot-ROS/install/motor_control:/home/droso1/drosophibot-ROS/install/limb_controller:/opt/ros/jazzy /usr/bin/cmake --build /home/droso1/drosophibot-ROS/build/strain_monitor -- -j4 -l4
[0.386s] [ 50%] [32mBuilding CXX object CMakeFiles/strain_monitor.dir/src/strain_monitor.cpp.o[0m
[9.871s] [01m[K/home/droso1/drosophibot-ROS/strain_monitor/src/strain_monitor.cpp:[m[K In function â€˜[01m[Kint[01;32m[K main[m[K(int, char**)[m[Kâ€™:
[9.871s] [01m[K/home/droso1/drosophibot-ROS/strain_monitor/src/strain_monitor.cpp:44:35:[m[K [01;31m[Kerror: [m[Kâ€˜[01m[KLimbController[m[Kâ€™ was not declared in this scope
[9.872s]    44 |     rclcpp::spin(std::make_shared<[01;31m[KLimbController[m[K>());
[9.872s]       |                                   [01;31m[K^~~~~~~~~~~~~~[m[K
[9.873s] [01m[K/home/droso1/drosophibot-ROS/strain_monitor/src/strain_monitor.cpp:44:50:[m[K [01;31m[Kerror: [m[Kno matching function for call to â€˜[01m[Kmake_shared<<expression error> >()[m[Kâ€™
[9.873s]    44 |     rclcpp::spin([01;31m[Kstd::make_shared<LimbController>()[m[K);
[9.874s]       |                  [01;31m[K~~~~~~~~~~~~~~~~~~~~~~~~~~~~~~~~^~[m[K
[9.874s] In file included from [01m[K/usr/include/c++/13/memory:80[m[K,
[9.875s]                  from [01m[K/home/droso1/drosophibot-ROS/strain_monitor/src/strain_monitor.cpp:3[m[K:
[9.875s] [01m[K/usr/include/c++/13/bits/shared_ptr.h:1005:5:[m[K [01;36m[Knote: [m[Kcandidate: â€˜[01m[Ktemplate<class _Tp, class ... _Args> std::shared_ptr<typename std::enable_if<(! std::is_array< <template-parameter-1-1> >::value), _Tp>::type> std::[01;32m[Kmake_shared[m[K(_Args&& ...)[m[Kâ€™
[9.875s]  1005 |     [01;36m[Kmake_shared[m[K(_Args&&... __args)
[9.876s]       |     [01;36m[K^~~~~~~~~~~[m[K
[9.876s] [01m[K/usr/include/c++/13/bits/shared_ptr.h:1005:5:[m[K [01;36m[Knote: [m[K  template argument deduction/substitution failed:
[9.876s] [01m[K/home/droso1/drosophibot-ROS/strain_monitor/src/strain_monitor.cpp:44:50:[m[K [01;31m[Kerror: [m[Ktemplate argument 1 is invalid
[9.877s]    44 |     rclcpp::spin([01;31m[Kstd::make_shared<LimbController>()[m[K);
[9.877s]       |                  [01;31m[K~~~~~~~~~~~~~~~~~~~~~~~~~~~~~~~~^~[m[K
[13.199s] gmake[2]: *** [CMakeFiles/strain_monitor.dir/build.make:76: CMakeFiles/strain_monitor.dir/src/strain_monitor.cpp.o] Error 1
[13.200s] gmake[1]: *** [CMakeFiles/Makefile2:137: CMakeFiles/strain_monitor.dir/all] Error 2
[13.201s] gmake: *** [Makefile:146: all] Error 2
[13.210s] Invoked command in '/home/droso1/drosophibot-ROS/build/strain_monitor' returned '2': CMAKE_PREFIX_PATH=/home/droso1/drosophibot-ROS/install/interfaces:/home/droso1/drosophibot-ROS/install/testcpp:/home/droso1/drosophibot-ROS/install/pubsub:/home/droso1/drosophibot-ROS/install/motor_control:/home/droso1/drosophibot-ROS/install/limb_controller:/opt/ros/jazzy /usr/bin/cmake --build /home/droso1/drosophibot-ROS/build/strain_monitor -- -j4 -l4
