[0.064s] Invoking command in '/home/droso1/drosophibot-ROS/build/strain_monitor': CMAKE_PREFIX_PATH=/home/droso1/drosophibot-ROS/install/interfaces:/home/droso1/drosophibot-ROS/install/testcpp:/home/droso1/drosophibot-ROS/install/pubsub:/home/droso1/drosophibot-ROS/install/motor_control:/home/droso1/drosophibot-ROS/install/limb_controller:/opt/ros/jazzy /usr/bin/cmake --build /home/droso1/drosophibot-ROS/build/strain_monitor -- -j4 -l4
[0.388s] [ 50%] [32mBuilding CXX object CMakeFiles/strain_monitor.dir/src/strain_monitor.cpp.o[0m
[9.656s] [01m[K/home/droso1/drosophibot-ROS/strain_monitor/src/strain_monitor.cpp:20:21:[m[K [01;31m[Kerror: [m[Kexpected identifier before numeric constant
[9.656s]    20 | #define NUM_GAUGES  [01;31m[K36[m[K
[9.657s]       |                     [01;31m[K^~[m[K
[9.657s] [01m[K/home/droso1/drosophibot-ROS/strain_monitor/src/strain_monitor.cpp:22:7:[m[K [01;36m[Knote: [m[Kin expansion of macro â€˜[01m[KNUM_GAUGES[m[Kâ€™
[9.658s]    22 | float[[01;36m[KNUM_GAUGES[m[K] zero_data = {};
[9.658s]       |       [01;36m[K^~~~~~~~~~[m[K
[9.658s] [01m[K/home/droso1/drosophibot-ROS/strain_monitor/src/strain_monitor.cpp:22:7:[m[K [01;31m[Kerror: [m[Kexpected â€˜[01m[K][m[Kâ€™ before numeric constant
[9.659s]    22 | float[[01;31m[KN[m[KUM_GAUGES] zero_data = {};
[9.659s]       |       [01;31m[K^[m[K
[9.660s]       |       [32m[K][m[K
[9.660s] [01m[K/home/droso1/drosophibot-ROS/strain_monitor/src/strain_monitor.cpp:22:6:[m[K [01;31m[Kerror: [m[Kstructured binding declaration cannot have type â€˜[01m[Kfloat[m[Kâ€™
[9.661s]    22 | float[01;31m[K[[m[KNUM_GAUGES] zero_data = {};
[9.661s]       |      [01;31m[K^[m[K
[9.662s] [01m[K/home/droso1/drosophibot-ROS/strain_monitor/src/strain_monitor.cpp:22:6:[m[K [01;36m[Knote: [m[Ktype must be cv-qualified â€˜[01m[Kauto[m[Kâ€™ or reference to cv-qualified â€˜[01m[Kauto[m[Kâ€™
[9.662s] [01m[K/home/droso1/drosophibot-ROS/strain_monitor/src/strain_monitor.cpp:22:6:[m[K [01;31m[Kerror: [m[Kempty structured binding declaration
[9.663s] [01m[K/home/droso1/drosophibot-ROS/strain_monitor/src/strain_monitor.cpp:22:19:[m[K [01;31m[Kerror: [m[Kexpected initializer before â€˜[01m[Kzero_data[m[Kâ€™
[9.663s]    22 | float[NUM_GAUGES] [01;31m[Kzero_data[m[K = {};
[9.663s]       |                   [01;31m[K^~~~~~~~~[m[K
[9.710s] [01m[K/home/droso1/drosophibot-ROS/strain_monitor/src/strain_monitor.cpp:[m[K In function â€˜[01m[Kint[01;32m[K main[m[K(int, char**)[m[Kâ€™:
[9.710s] [01m[K/home/droso1/drosophibot-ROS/strain_monitor/src/strain_monitor.cpp:80:24:[m[K [01;31m[Kerror: [m[Kinvalid conversion from â€˜[01m[Kuint8_t[m[Kâ€™ {aka â€˜[01m[Kunsigned char[m[Kâ€™} to â€˜[01m[Kconst void*[m[Kâ€™ [[01;31m[K]8;;https://gcc.gnu.org/onlinedocs/gcc/Warning-Options.html#index-fpermissive-fpermissive]8;;[m[K]
[9.711s]    80 |     write(serial_port, [01;31m[Kinit_msg[m[K, sizeof(init_msg));
[9.711s]       |                        [01;31m[K^~~~~~~~[m[K
[9.711s]       |                        [01;31m[K|[m[K
[9.712s]       |                        [01;31m[Kuint8_t {aka unsigned char}[m[K
[9.712s] In file included from [01m[K/usr/include/aarch64-linux-gnu/bits/sigstksz.h:24[m[K,
[9.712s]                  from [01m[K/usr/include/signal.h:328[m[K,
[9.713s]                  from [01m[K/usr/include/c++/13/csignal:42[m[K,
[9.713s]                  from [01m[K/opt/ros/jazzy/include/rclcpp/rclcpp/rclcpp.hpp:168[m[K,
[9.714s]                  from [01m[K/home/droso1/drosophibot-ROS/strain_monitor/src/strain_monitor.cpp:6[m[K:
[9.714s] [01m[K/usr/include/unistd.h:378:45:[m[K [01;36m[Knote: [m[K  initializing argument 2 of â€˜[01m[Kssize_t[01;32m[K write[m[K(int, const void*, size_t)[m[Kâ€™
[9.714s]   378 | extern ssize_t write (int __fd, [01;36m[Kconst void *__buf[m[K, size_t __n) __wur
[9.715s]       |                                 [01;36m[K~~~~~~~~~~~~^~~~~[m[K
[13.293s] gmake[2]: *** [CMakeFiles/strain_monitor.dir/build.make:76: CMakeFiles/strain_monitor.dir/src/strain_monitor.cpp.o] Error 1
[13.293s] gmake[1]: *** [CMakeFiles/Makefile2:137: CMakeFiles/strain_monitor.dir/all] Error 2
[13.295s] gmake: *** [Makefile:146: all] Error 2
[13.304s] Invoked command in '/home/droso1/drosophibot-ROS/build/strain_monitor' returned '2': CMAKE_PREFIX_PATH=/home/droso1/drosophibot-ROS/install/interfaces:/home/droso1/drosophibot-ROS/install/testcpp:/home/droso1/drosophibot-ROS/install/pubsub:/home/droso1/drosophibot-ROS/install/motor_control:/home/droso1/drosophibot-ROS/install/limb_controller:/opt/ros/jazzy /usr/bin/cmake --build /home/droso1/drosophibot-ROS/build/strain_monitor -- -j4 -l4
