[0.000000] (-) TimerEvent: {}
[0.001447] (-) JobUnselected: {'identifier': 'interfaces'}
[0.001572] (-) JobUnselected: {'identifier': 'pubsub'}
[0.001660] (-) JobUnselected: {'identifier': 'testcpp'}
[0.001736] (motor_control) JobQueued: {'identifier': 'motor_control', 'dependencies': OrderedDict({'interfaces': '/home/droso1/drosophibot-ROS/install/interfaces'})}
[0.001824] (motor_control) JobStarted: {'identifier': 'motor_control'}
[0.049524] (motor_control) JobProgress: {'identifier': 'motor_control', 'progress': 'cmake'}
[0.052627] (motor_control) JobProgress: {'identifier': 'motor_control', 'progress': 'build'}
[0.055577] (motor_control) Command: {'cmd': ['/usr/bin/cmake', '--build', '/home/droso1/drosophibot-ROS/build/motor_control', '--', '-j4', '-l4'], 'cwd': '/home/droso1/drosophibot-ROS/build/motor_control', 'env': OrderedDict({'LESSOPEN': '| /usr/bin/lesspipe %s', 'USER': 'droso1', 'SSH_CLIENT': '192.168.137.1 62227 22', 'SSH_AGENT_PID': '4656', 'XDG_SESSION_TYPE': 'tty', 'SHLVL': '1', 'LD_LIBRARY_PATH': '/home/droso1/drosophibot-ROS/install/interfaces/lib:/opt/ros/jazzy/lib/aarch64-linux-gnu:/opt/ros/jazzy/lib', 'HOME': '/home/droso1', 'OLDPWD': '/home/droso1/drosophibot-ROS/interfaces', 'SSH_TTY': '/dev/pts/1', 'ROS_PYTHON_VERSION': '3', 'DBUS_SESSION_BUS_ADDRESS': 'unix:path=/run/user/1000/bus', 'COLCON_PREFIX_PATH': '/home/droso1/drosophibot-ROS/install', 'ROS_DISTRO': 'jazzy', 'LOGNAME': 'droso1', '_': '/usr/bin/colcon', 'ROS_VERSION': '2', 'XDG_SESSION_CLASS': 'user', 'TERM': 'xterm', 'XDG_SESSION_ID': '10', 'PATH': '/opt/ros/jazzy/bin:/usr/local/sbin:/usr/local/bin:/usr/sbin:/usr/bin:/sbin:/bin:/usr/games:/usr/local/games:/snap/bin', 'XDG_RUNTIME_DIR': '/run/user/1000', 'LANG': 'en_US.UTF-8', 'LS_COLORS': 'rs=0:di=01;34:ln=01;36:mh=00:pi=40;33:so=01;35:do=01;35:bd=40;33;01:cd=40;33;01:or=40;31;01:mi=00:su=37;41:sg=30;43:ca=00:tw=30;42:ow=34;42:st=37;44:ex=01;32:*.tar=01;31:*.tgz=01;31:*.arc=01;31:*.arj=01;31:*.taz=01;31:*.lha=01;31:*.lz4=01;31:*.lzh=01;31:*.lzma=01;31:*.tlz=01;31:*.txz=01;31:*.tzo=01;31:*.t7z=01;31:*.zip=01;31:*.z=01;31:*.dz=01;31:*.gz=01;31:*.lrz=01;31:*.lz=01;31:*.lzo=01;31:*.xz=01;31:*.zst=01;31:*.tzst=01;31:*.bz2=01;31:*.bz=01;31:*.tbz=01;31:*.tbz2=01;31:*.tz=01;31:*.deb=01;31:*.rpm=01;31:*.jar=01;31:*.war=01;31:*.ear=01;31:*.sar=01;31:*.rar=01;31:*.alz=01;31:*.ace=01;31:*.zoo=01;31:*.cpio=01;31:*.7z=01;31:*.rz=01;31:*.cab=01;31:*.wim=01;31:*.swm=01;31:*.dwm=01;31:*.esd=01;31:*.avif=01;35:*.jpg=01;35:*.jpeg=01;35:*.mjpg=01;35:*.mjpeg=01;35:*.gif=01;35:*.bmp=01;35:*.pbm=01;35:*.pgm=01;35:*.ppm=01;35:*.tga=01;35:*.xbm=01;35:*.xpm=01;35:*.tif=01;35:*.tiff=01;35:*.png=01;35:*.svg=01;35:*.svgz=01;35:*.mng=01;35:*.pcx=01;35:*.mov=01;35:*.mpg=01;35:*.mpeg=01;35:*.m2v=01;35:*.mkv=01;35:*.webm=01;35:*.webp=01;35:*.ogm=01;35:*.mp4=01;35:*.m4v=01;35:*.mp4v=01;35:*.vob=01;35:*.qt=01;35:*.nuv=01;35:*.wmv=01;35:*.asf=01;35:*.rm=01;35:*.rmvb=01;35:*.flc=01;35:*.avi=01;35:*.fli=01;35:*.flv=01;35:*.gl=01;35:*.dl=01;35:*.xcf=01;35:*.xwd=01;35:*.yuv=01;35:*.cgm=01;35:*.emf=01;35:*.ogv=01;35:*.ogx=01;35:*.aac=00;36:*.au=00;36:*.flac=00;36:*.m4a=00;36:*.mid=00;36:*.midi=00;36:*.mka=00;36:*.mp3=00;36:*.mpc=00;36:*.ogg=00;36:*.ra=00;36:*.wav=00;36:*.oga=00;36:*.opus=00;36:*.spx=00;36:*.xspf=00;36:*~=00;90:*#=00;90:*.bak=00;90:*.crdownload=00;90:*.dpkg-dist=00;90:*.dpkg-new=00;90:*.dpkg-old=00;90:*.dpkg-tmp=00;90:*.old=00;90:*.orig=00;90:*.part=00;90:*.rej=00;90:*.rpmnew=00;90:*.rpmorig=00;90:*.rpmsave=00;90:*.swp=00;90:*.tmp=00;90:*.ucf-dist=00;90:*.ucf-new=00;90:*.ucf-old=00;90:', 'SSH_AUTH_SOCK': '/tmp/ssh-Ks5JvMaKMs88/agent.4655', 'ROS_DOMAIN_ID': '1', 'AMENT_PREFIX_PATH': '/home/droso1/drosophibot-ROS/install/interfaces:/home/droso1/drosophibot-ROS/install/testcpp:/opt/ros/jazzy', 'SHELL': '/bin/bash', 'LESSCLOSE': '/usr/bin/lesspipe %s %s', 'ROS_AUTOMATIC_DISCOVERY_RANGE': 'SUBNET', 'PWD': '/home/droso1/drosophibot-ROS/build/motor_control', 'LC_ALL': 'en_US.UTF-8', 'SSH_CONNECTION': '192.168.137.1 62227 192.168.137.25 22', 'XDG_DATA_DIRS': '/usr/local/share:/usr/share:/var/lib/snapd/desktop', 'PYTHONPATH': '/home/droso1/drosophibot-ROS/install/interfaces/lib/python3.12/site-packages:/opt/ros/jazzy/lib/python3.12/site-packages', 'COLCON': '1', 'CMAKE_PREFIX_PATH': '/home/droso1/drosophibot-ROS/install/interfaces:/home/droso1/drosophibot-ROS/install/testcpp:/opt/ros/jazzy'}), 'shell': False}
[0.099298] (-) TimerEvent: {}
[0.200025] (-) TimerEvent: {}
[0.301399] (-) TimerEvent: {}
[0.311311] (motor_control) StdoutLine: {'line': b'[ 50%] \x1b[32mBuilding CXX object CMakeFiles/motor_control.dir/src/motor_control.cpp.o\x1b[0m\n'}
[0.401556] (-) TimerEvent: {}
[0.502233] (-) TimerEvent: {}
[0.602871] (-) TimerEvent: {}
[0.703464] (-) TimerEvent: {}
[0.804107] (-) TimerEvent: {}
[0.904719] (-) TimerEvent: {}
[1.005282] (-) TimerEvent: {}
[1.105870] (-) TimerEvent: {}
[1.206445] (-) TimerEvent: {}
[1.307071] (-) TimerEvent: {}
[1.407715] (-) TimerEvent: {}
[1.508292] (-) TimerEvent: {}
[1.608908] (-) TimerEvent: {}
[1.709500] (-) TimerEvent: {}
[1.810100] (-) TimerEvent: {}
[1.910718] (-) TimerEvent: {}
[2.011313] (-) TimerEvent: {}
[2.111975] (-) TimerEvent: {}
[2.212575] (-) TimerEvent: {}
[2.313239] (-) TimerEvent: {}
[2.413912] (-) TimerEvent: {}
[2.514562] (-) TimerEvent: {}
[2.615228] (-) TimerEvent: {}
[2.715864] (-) TimerEvent: {}
[2.816477] (-) TimerEvent: {}
[2.917113] (-) TimerEvent: {}
[3.017820] (-) TimerEvent: {}
[3.118434] (-) TimerEvent: {}
[3.219103] (-) TimerEvent: {}
[3.319766] (-) TimerEvent: {}
[3.420368] (-) TimerEvent: {}
[3.521021] (-) TimerEvent: {}
[3.621669] (-) TimerEvent: {}
[3.722353] (-) TimerEvent: {}
[3.823008] (-) TimerEvent: {}
[3.923665] (-) TimerEvent: {}
[4.024270] (-) TimerEvent: {}
[4.124944] (-) TimerEvent: {}
[4.225547] (-) TimerEvent: {}
[4.326219] (-) TimerEvent: {}
[4.426863] (-) TimerEvent: {}
[4.527476] (-) TimerEvent: {}
[4.628112] (-) TimerEvent: {}
[4.728740] (-) TimerEvent: {}
[4.829334] (-) TimerEvent: {}
[4.929985] (-) TimerEvent: {}
[5.030693] (-) TimerEvent: {}
[5.131289] (-) TimerEvent: {}
[5.231946] (-) TimerEvent: {}
[5.332535] (-) TimerEvent: {}
[5.433201] (-) TimerEvent: {}
[5.533847] (-) TimerEvent: {}
[5.634431] (-) TimerEvent: {}
[5.735085] (-) TimerEvent: {}
[5.835720] (-) TimerEvent: {}
[5.936294] (-) TimerEvent: {}
[6.036953] (-) TimerEvent: {}
[6.137540] (-) TimerEvent: {}
[6.238191] (-) TimerEvent: {}
[6.338806] (-) TimerEvent: {}
[6.439433] (-) TimerEvent: {}
[6.540089] (-) TimerEvent: {}
[6.640736] (-) TimerEvent: {}
[6.741342] (-) TimerEvent: {}
[6.842003] (-) TimerEvent: {}
[6.942640] (-) TimerEvent: {}
[7.043242] (-) TimerEvent: {}
[7.143860] (-) TimerEvent: {}
[7.244458] (-) TimerEvent: {}
[7.345097] (-) TimerEvent: {}
[7.445728] (-) TimerEvent: {}
[7.546325] (-) TimerEvent: {}
[7.646995] (-) TimerEvent: {}
[7.747665] (-) TimerEvent: {}
[7.848275] (-) TimerEvent: {}
[7.948988] (-) TimerEvent: {}
[8.049678] (-) TimerEvent: {}
[8.150319] (-) TimerEvent: {}
[8.251000] (-) TimerEvent: {}
[8.351663] (-) TimerEvent: {}
[8.452275] (-) TimerEvent: {}
[8.552955] (-) TimerEvent: {}
[8.653570] (-) TimerEvent: {}
[8.754229] (-) TimerEvent: {}
[8.854854] (-) TimerEvent: {}
[8.955457] (-) TimerEvent: {}
[9.056119] (-) TimerEvent: {}
[9.156729] (-) TimerEvent: {}
[9.257314] (-) TimerEvent: {}
[9.357982] (-) TimerEvent: {}
[9.458709] (-) TimerEvent: {}
[9.511690] (motor_control) StderrLine: {'line': b'\x1b[01m\x1b[K/home/droso1/drosophibot-ROS/motor_control/src/motor_control.cpp:38:23:\x1b[m\x1b[K \x1b[01;31m\x1b[Kerror: \x1b[m\x1b[K\xe2\x80\x98\x1b[01m\x1b[Kstd_msgs\x1b[m\x1b[K\xe2\x80\x99 was not declared in this scope\n'}
[9.512341] (motor_control) StderrLine: {'line': b'   38 |     rclcpp::Publisher<\x1b[01;31m\x1b[Kstd_msgs\x1b[m\x1b[K::msg::String>::SharedPtr publisher_;\n'}
[9.512699] (motor_control) StderrLine: {'line': b'      |                       \x1b[01;31m\x1b[K^~~~~~~~\x1b[m\x1b[K\n'}
[9.513011] (motor_control) StderrLine: {'line': b'\x1b[01m\x1b[K/home/droso1/drosophibot-ROS/motor_control/src/motor_control.cpp:38:44:\x1b[m\x1b[K \x1b[01;31m\x1b[Kerror: \x1b[m\x1b[Ktemplate argument 1 is invalid\n'}
[9.513298] (motor_control) StderrLine: {'line': b'   38 |     rclcpp::Publisher<std_msgs::msg::String\x1b[01;31m\x1b[K>\x1b[m\x1b[K::SharedPtr publisher_;\n'}
[9.513627] (motor_control) StderrLine: {'line': b'      |                                            \x1b[01;31m\x1b[K^\x1b[m\x1b[K\n'}
[9.514521] (motor_control) StderrLine: {'line': b'\x1b[01m\x1b[K/home/droso1/drosophibot-ROS/motor_control/src/motor_control.cpp:38:47:\x1b[m\x1b[K \x1b[01;31m\x1b[Kerror: \x1b[m\x1b[Kexpected \xe2\x80\x98\x1b[01m\x1b[K;\x1b[m\x1b[K\xe2\x80\x99 at end of member declaration\n'}
[9.515090] (motor_control) StderrLine: {'line': b'   38 |     rclcpp::Publisher<std_msgs::msg::String>::\x1b[01;31m\x1b[KSharedPtr\x1b[m\x1b[K publisher_;\n'}
[9.515507] (motor_control) StderrLine: {'line': b'      |                                               \x1b[01;31m\x1b[K^~~~~~~~~\x1b[m\x1b[K\n'}
[9.515937] (motor_control) StderrLine: {'line': b'      |                                                        \x1b[32m\x1b[K;\x1b[m\x1b[K\n'}
[9.521720] (motor_control) StderrLine: {'line': b'\x1b[01m\x1b[K/home/droso1/drosophibot-ROS/motor_control/src/motor_control.cpp:38:57:\x1b[m\x1b[K \x1b[01;31m\x1b[Kerror: \x1b[m\x1b[K\xe2\x80\x98\x1b[01m\x1b[Kpublisher_\x1b[m\x1b[K\xe2\x80\x99 does not name a type; did you mean \xe2\x80\x98\x1b[01m\x1b[Krmw_publisher_t\x1b[m\x1b[K\xe2\x80\x99?\n'}
[9.522297] (motor_control) StderrLine: {'line': b'   38 |     rclcpp::Publisher<std_msgs::msg::String>::SharedPtr \x1b[01;31m\x1b[Kpublisher_\x1b[m\x1b[K;\n'}
[9.522796] (motor_control) StderrLine: {'line': b'      |                                                         \x1b[01;31m\x1b[K^~~~~~~~~~\x1b[m\x1b[K\n'}
[9.523193] (motor_control) StderrLine: {'line': b'      |                                                         \x1b[32m\x1b[Krmw_publisher_t\x1b[m\x1b[K\n'}
[9.550526] (motor_control) StderrLine: {'line': b'\x1b[01m\x1b[K/home/droso1/drosophibot-ROS/motor_control/src/motor_control.cpp:\x1b[m\x1b[K In constructor \xe2\x80\x98\x1b[01m\x1b[KMotorController::\x1b[01;32m\x1b[KMotorController\x1b[m\x1b[K()\x1b[m\x1b[K\xe2\x80\x99:\n'}
[9.551253] (motor_control) StderrLine: {'line': b'\x1b[01m\x1b[K/home/droso1/drosophibot-ROS/motor_control/src/motor_control.cpp:21:9:\x1b[m\x1b[K \x1b[01;31m\x1b[Kerror: \x1b[m\x1b[K\xe2\x80\x98\x1b[01m\x1b[Kpublisher_\x1b[m\x1b[K\xe2\x80\x99 was not declared in this scope; did you mean \xe2\x80\x98\x1b[01m\x1b[Krmw_publisher_t\x1b[m\x1b[K\xe2\x80\x99?\n'}
[9.551746] (motor_control) StderrLine: {'line': b'   21 |         \x1b[01;31m\x1b[Kpublisher_\x1b[m\x1b[K = this->create_publisher<std_msgs::msg::motordata>("motor_outputs", 10);\n'}
[9.552154] (motor_control) StderrLine: {'line': b'      |         \x1b[01;31m\x1b[K^~~~~~~~~~\x1b[m\x1b[K\n'}
[9.552500] (motor_control) StderrLine: {'line': b'      |         \x1b[32m\x1b[Krmw_publisher_t\x1b[m\x1b[K\n'}
[9.558908] (-) TimerEvent: {}
[9.574921] (motor_control) StderrLine: {'line': b'\x1b[01m\x1b[K/home/droso1/drosophibot-ROS/motor_control/src/motor_control.cpp:21:45:\x1b[m\x1b[K \x1b[01;31m\x1b[Kerror: \x1b[m\x1b[K\xe2\x80\x98\x1b[01m\x1b[Kstd_msgs\x1b[m\x1b[K\xe2\x80\x99 was not declared in this scope\n'}
[9.576049] (motor_control) StderrLine: {'line': b'   21 |         publisher_ = this->create_publisher<\x1b[01;31m\x1b[Kstd_msgs\x1b[m\x1b[K::msg::motordata>("motor_outputs", 10);\n'}
[9.576465] (motor_control) StderrLine: {'line': b'      |                                             \x1b[01;31m\x1b[K^~~~~~~~\x1b[m\x1b[K\n'}
[9.577132] (motor_control) StderrLine: {'line': b'\x1b[01m\x1b[K/home/droso1/drosophibot-ROS/motor_control/src/motor_control.cpp:21:28:\x1b[m\x1b[K \x1b[01;31m\x1b[Kerror: \x1b[m\x1b[Kparse error in template argument list\n'}
[9.577506] (motor_control) StderrLine: {'line': b'   21 |         publisher_ = this->\x1b[01;31m\x1b[Kcreate_publisher<std_msgs::msg::motordata>\x1b[m\x1b[K("motor_outputs", 10);\n'}
[9.577945] (motor_control) StderrLine: {'line': b'      |                            \x1b[01;31m\x1b[K^~~~~~~~~~~~~~~~~~~~~~~~~~~~~~~~~~~~~~~~~~\x1b[m\x1b[K\n'}
[9.578487] (motor_control) StderrLine: {'line': b'\x1b[01m\x1b[K/home/droso1/drosophibot-ROS/motor_control/src/motor_control.cpp:21:70:\x1b[m\x1b[K \x1b[01;31m\x1b[Kerror: \x1b[m\x1b[Kno matching function for call to \xe2\x80\x98\x1b[01m\x1b[KMotorController::create_publisher<<expression error> >(const char [14], int)\x1b[m\x1b[K\xe2\x80\x99\n'}
[9.579117] (motor_control) StderrLine: {'line': b'   21 |         publisher_ = \x1b[01;31m\x1b[Kthis->create_publisher<std_msgs::msg::motordata>("motor_outputs", 10)\x1b[m\x1b[K;\n'}
[9.579638] (motor_control) StderrLine: {'line': b'      |                      \x1b[01;31m\x1b[K~~~~~~~~~~~~~~~~~~~~~~~~~~~~~~~~~~~~~~~~~~~~~~~~^~~~~~~~~~~~~~~~~~~~~\x1b[m\x1b[K\n'}
[9.580073] (motor_control) StderrLine: {'line': b'In file included from \x1b[01m\x1b[K/opt/ros/jazzy/include/rclcpp/rclcpp/executors/single_threaded_executor.hpp:28\x1b[m\x1b[K,\n'}
[9.580435] (motor_control) StderrLine: {'line': b'                 from \x1b[01m\x1b[K/opt/ros/jazzy/include/rclcpp/rclcpp/executors.hpp:22\x1b[m\x1b[K,\n'}
[9.580862] (motor_control) StderrLine: {'line': b'                 from \x1b[01m\x1b[K/opt/ros/jazzy/include/rclcpp/rclcpp/rclcpp.hpp:172\x1b[m\x1b[K,\n'}
[9.581243] (motor_control) StderrLine: {'line': b'                 from \x1b[01m\x1b[K/home/droso1/drosophibot-ROS/motor_control/src/motor_control.cpp:6\x1b[m\x1b[K:\n'}
[9.581628] (motor_control) StderrLine: {'line': b'\x1b[01m\x1b[K/opt/ros/jazzy/include/rclcpp/rclcpp/node.hpp:197:3:\x1b[m\x1b[K \x1b[01;36m\x1b[Knote: \x1b[m\x1b[Kcandidate: \xe2\x80\x98\x1b[01m\x1b[Ktemplate<class MessageT, class AllocatorT, class PublisherT> std::shared_ptr<PublisherT> rclcpp::Node::\x1b[01;32m\x1b[Kcreate_publisher\x1b[m\x1b[K(const std::string&, const rclcpp::QoS&, const rclcpp::PublisherOptionsWithAllocator<AllocatorT>&)\x1b[m\x1b[K\xe2\x80\x99\n'}
[9.582172] (motor_control) StderrLine: {'line': b'  197 |   \x1b[01;36m\x1b[Kcreate_publisher\x1b[m\x1b[K(\n'}
[9.582663] (motor_control) StderrLine: {'line': b'      |   \x1b[01;36m\x1b[K^~~~~~~~~~~~~~~~\x1b[m\x1b[K\n'}
[9.583163] (motor_control) StderrLine: {'line': b'\x1b[01m\x1b[K/opt/ros/jazzy/include/rclcpp/rclcpp/node.hpp:197:3:\x1b[m\x1b[K \x1b[01;36m\x1b[Knote: \x1b[m\x1b[K  template argument deduction/substitution failed:\n'}
[9.583544] (motor_control) StderrLine: {'line': b'\x1b[01m\x1b[K/home/droso1/drosophibot-ROS/motor_control/src/motor_control.cpp:21:70:\x1b[m\x1b[K \x1b[01;31m\x1b[Kerror: \x1b[m\x1b[Ktemplate argument 1 is invalid\n'}
[9.584169] (motor_control) StderrLine: {'line': b'   21 |         publisher_ = \x1b[01;31m\x1b[Kthis->create_publisher<std_msgs::msg::motordata>("motor_outputs", 10)\x1b[m\x1b[K;\n'}
[9.584671] (motor_control) StderrLine: {'line': b'      |                      \x1b[01;31m\x1b[K~~~~~~~~~~~~~~~~~~~~~~~~~~~~~~~~~~~~~~~~~~~~~~~~^~~~~~~~~~~~~~~~~~~~~\x1b[m\x1b[K\n'}
[9.585217] (motor_control) StderrLine: {'line': b'\x1b[01m\x1b[K/home/droso1/drosophibot-ROS/motor_control/src/motor_control.cpp:23:27:\x1b[m\x1b[K \x1b[01;31m\x1b[Kerror: \x1b[m\x1b[K\xe2\x80\x98\x1b[01m\x1b[KMinimalPublisher\x1b[m\x1b[K\xe2\x80\x99 has not been declared\n'}
[9.585650] (motor_control) StderrLine: {'line': b'   23 |         500ms, std::bind(&\x1b[01;31m\x1b[KMinimalPublisher\x1b[m\x1b[K::timer_callback, this));\n'}
[9.586174] (motor_control) StderrLine: {'line': b'      |                           \x1b[01;31m\x1b[K^~~~~~~~~~~~~~~~\x1b[m\x1b[K\n'}
[9.586547] (motor_control) StderrLine: {'line': b'\x1b[01m\x1b[K/home/droso1/drosophibot-ROS/motor_control/src/motor_control.cpp:\x1b[m\x1b[K In member function \xe2\x80\x98\x1b[01m\x1b[Kvoid MotorController::\x1b[01;32m\x1b[Ktimer_callback\x1b[m\x1b[K()\x1b[m\x1b[K\xe2\x80\x99:\n'}
[9.587036] (motor_control) StderrLine: {'line': b'\x1b[01m\x1b[K/home/droso1/drosophibot-ROS/motor_control/src/motor_control.cpp:29:24:\x1b[m\x1b[K \x1b[01;31m\x1b[Kerror: \x1b[m\x1b[K\xe2\x80\x98\x1b[01m\x1b[Kstd_msgs\x1b[m\x1b[K\xe2\x80\x99 has not been declared\n'}
[9.587518] (motor_control) StderrLine: {'line': b'   29 |         auto message = \x1b[01;31m\x1b[Kstd_msgs\x1b[m\x1b[K::msg::motordata();\n'}
[9.588045] (motor_control) StderrLine: {'line': b'      |                        \x1b[01;31m\x1b[K^~~~~~~~\x1b[m\x1b[K\n'}
[9.605332] (motor_control) StderrLine: {'line': b'\x1b[01m\x1b[K/home/droso1/drosophibot-ROS/motor_control/src/motor_control.cpp:35:9:\x1b[m\x1b[K \x1b[01;31m\x1b[Kerror: \x1b[m\x1b[K\xe2\x80\x98\x1b[01m\x1b[Kpublisher_\x1b[m\x1b[K\xe2\x80\x99 was not declared in this scope; did you mean \xe2\x80\x98\x1b[01m\x1b[Krmw_publisher_t\x1b[m\x1b[K\xe2\x80\x99?\n'}
[9.606042] (motor_control) StderrLine: {'line': b'   35 |         \x1b[01;31m\x1b[Kpublisher_\x1b[m\x1b[K->publish(message);\n'}
[9.606639] (motor_control) StderrLine: {'line': b'      |         \x1b[01;31m\x1b[K^~~~~~~~~~\x1b[m\x1b[K\n'}
[9.607126] (motor_control) StderrLine: {'line': b'      |         \x1b[32m\x1b[Krmw_publisher_t\x1b[m\x1b[K\n'}
[9.627084] (motor_control) StderrLine: {'line': b'\x1b[01m\x1b[K/home/droso1/drosophibot-ROS/motor_control/src/motor_control.cpp:\x1b[m\x1b[K In function \xe2\x80\x98\x1b[01m\x1b[Kint\x1b[01;32m\x1b[K main\x1b[m\x1b[K(int, char**)\x1b[m\x1b[K\xe2\x80\x99:\n'}
[9.627953] (motor_control) StderrLine: {'line': b'\x1b[01m\x1b[K/home/droso1/drosophibot-ROS/motor_control/src/motor_control.cpp:45:35:\x1b[m\x1b[K \x1b[01;31m\x1b[Kerror: \x1b[m\x1b[K\xe2\x80\x98\x1b[01m\x1b[KMinimalPublisher\x1b[m\x1b[K\xe2\x80\x99 was not declared in this scope\n'}
[9.628474] (motor_control) StderrLine: {'line': b'   45 |     rclcpp::spin(std::make_shared<\x1b[01;31m\x1b[KMinimalPublisher\x1b[m\x1b[K>());\n'}
[9.629120] (motor_control) StderrLine: {'line': b'      |                                   \x1b[01;31m\x1b[K^~~~~~~~~~~~~~~~\x1b[m\x1b[K\n'}
[9.629523] (motor_control) StderrLine: {'line': b'\x1b[01m\x1b[K/home/droso1/drosophibot-ROS/motor_control/src/motor_control.cpp:45:52:\x1b[m\x1b[K \x1b[01;31m\x1b[Kerror: \x1b[m\x1b[Kno matching function for call to \xe2\x80\x98\x1b[01m\x1b[Kmake_shared<<expression error> >()\x1b[m\x1b[K\xe2\x80\x99\n'}
[9.629971] (motor_control) StderrLine: {'line': b'   45 |     rclcpp::spin(\x1b[01;31m\x1b[Kstd::make_shared<MinimalPublisher>()\x1b[m\x1b[K);\n'}
[9.630318] (motor_control) StderrLine: {'line': b'      |                  \x1b[01;31m\x1b[K~~~~~~~~~~~~~~~~~~~~~~~~~~~~~~~~~~^~\x1b[m\x1b[K\n'}
[9.630787] (motor_control) StderrLine: {'line': b'In file included from \x1b[01m\x1b[K/usr/include/c++/13/memory:80\x1b[m\x1b[K,\n'}
[9.631238] (motor_control) StderrLine: {'line': b'                 from \x1b[01m\x1b[K/home/droso1/drosophibot-ROS/motor_control/src/motor_control.cpp:3\x1b[m\x1b[K:\n'}
[9.631559] (motor_control) StderrLine: {'line': b'\x1b[01m\x1b[K/usr/include/c++/13/bits/shared_ptr.h:1005:5:\x1b[m\x1b[K \x1b[01;36m\x1b[Knote: \x1b[m\x1b[Kcandidate: \xe2\x80\x98\x1b[01m\x1b[Ktemplate<class _Tp, class ... _Args> std::shared_ptr<typename std::enable_if<(! std::is_array< <template-parameter-1-1> >::value), _Tp>::type> std::\x1b[01;32m\x1b[Kmake_shared\x1b[m\x1b[K(_Args&& ...)\x1b[m\x1b[K\xe2\x80\x99\n'}
[9.632029] (motor_control) StderrLine: {'line': b' 1005 |     \x1b[01;36m\x1b[Kmake_shared\x1b[m\x1b[K(_Args&&... __args)\n'}
[9.632398] (motor_control) StderrLine: {'line': b'      |     \x1b[01;36m\x1b[K^~~~~~~~~~~\x1b[m\x1b[K\n'}
[9.632794] (motor_control) StderrLine: {'line': b'\x1b[01m\x1b[K/usr/include/c++/13/bits/shared_ptr.h:1005:5:\x1b[m\x1b[K \x1b[01;36m\x1b[Knote: \x1b[m\x1b[K  template argument deduction/substitution failed:\n'}
[9.633177] (motor_control) StderrLine: {'line': b'\x1b[01m\x1b[K/home/droso1/drosophibot-ROS/motor_control/src/motor_control.cpp:45:52:\x1b[m\x1b[K \x1b[01;31m\x1b[Kerror: \x1b[m\x1b[Ktemplate argument 1 is invalid\n'}
[9.633511] (motor_control) StderrLine: {'line': b'   45 |     rclcpp::spin(\x1b[01;31m\x1b[Kstd::make_shared<MinimalPublisher>()\x1b[m\x1b[K);\n'}
[9.633925] (motor_control) StderrLine: {'line': b'      |                  \x1b[01;31m\x1b[K~~~~~~~~~~~~~~~~~~~~~~~~~~~~~~~~~~^~\x1b[m\x1b[K\n'}
[9.659081] (-) TimerEvent: {}
[9.759734] (-) TimerEvent: {}
[9.860355] (-) TimerEvent: {}
[9.961032] (-) TimerEvent: {}
[10.061694] (-) TimerEvent: {}
[10.162302] (-) TimerEvent: {}
[10.263021] (-) TimerEvent: {}
[10.363682] (-) TimerEvent: {}
[10.464290] (-) TimerEvent: {}
[10.564966] (-) TimerEvent: {}
[10.665571] (-) TimerEvent: {}
[10.766212] (-) TimerEvent: {}
[10.866861] (-) TimerEvent: {}
[10.967473] (-) TimerEvent: {}
[11.068121] (-) TimerEvent: {}
[11.168736] (-) TimerEvent: {}
[11.269352] (-) TimerEvent: {}
[11.370033] (-) TimerEvent: {}
[11.470703] (-) TimerEvent: {}
[11.571290] (-) TimerEvent: {}
[11.671957] (-) TimerEvent: {}
[11.772559] (-) TimerEvent: {}
[11.873258] (-) TimerEvent: {}
[11.888756] (motor_control) StderrLine: {'line': b'gmake[2]: *** [CMakeFiles/motor_control.dir/build.make:76: CMakeFiles/motor_control.dir/src/motor_control.cpp.o] Error 1\n'}
[11.889571] (motor_control) StderrLine: {'line': b'gmake[1]: *** [CMakeFiles/Makefile2:137: CMakeFiles/motor_control.dir/all] Error 2\n'}
[11.890483] (motor_control) StderrLine: {'line': b'gmake: *** [Makefile:146: all] Error 2\n'}
[11.898791] (motor_control) CommandEnded: {'returncode': 2}
[11.944231] (motor_control) JobEnded: {'identifier': 'motor_control', 'rc': 2}
[11.947745] (-) EventReactorShutdown: {}
