[0.064s] Invoking command in '/home/droso1/drosophibot-ROS/build/motor_control': AMENT_PREFIX_PATH=/home/droso1/drosophibot-ROS/install/interfaces:${AMENT_PREFIX_PATH} CMAKE_PREFIX_PATH=/home/droso1/drosophibot-ROS/install/interfaces:/home/droso1/drosophibot-ROS/install/testcpp:/opt/ros/jazzy LD_LIBRARY_PATH=/home/droso1/drosophibot-ROS/install/interfaces/lib:${LD_LIBRARY_PATH} PYTHONPATH=/home/droso1/drosophibot-ROS/install/interfaces/lib/python3.12/site-packages:${PYTHONPATH} /usr/bin/cmake --build /home/droso1/drosophibot-ROS/build/motor_control -- -j4 -l4
[0.357s] [ 50%] [32mBuilding CXX object CMakeFiles/motor_control.dir/src/motor_control.cpp.o[0m
[9.553s] [01m[K/home/droso1/drosophibot-ROS/motor_control/src/motor_control.cpp:38:23:[m[K [01;31m[Kerror: [m[Kâ€˜[01m[Kstd_msgs[m[Kâ€™ was not declared in this scope
[9.554s]    38 |     rclcpp::Publisher<[01;31m[Kstd_msgs[m[K::msg::String>::SharedPtr publisher_;
[9.554s]       |                       [01;31m[K^~~~~~~~[m[K
[9.554s] [01m[K/home/droso1/drosophibot-ROS/motor_control/src/motor_control.cpp:38:44:[m[K [01;31m[Kerror: [m[Ktemplate argument 1 is invalid
[9.555s]    38 |     rclcpp::Publisher<std_msgs::msg::String[01;31m[K>[m[K::SharedPtr publisher_;
[9.555s]       |                                            [01;31m[K^[m[K
[9.556s] [01m[K/home/droso1/drosophibot-ROS/motor_control/src/motor_control.cpp:38:47:[m[K [01;31m[Kerror: [m[Kexpected â€˜[01m[K;[m[Kâ€™ at end of member declaration
[9.556s]    38 |     rclcpp::Publisher<std_msgs::msg::String>::[01;31m[KSharedPtr[m[K publisher_;
[9.557s]       |                                               [01;31m[K^~~~~~~~~[m[K
[9.557s]       |                                                        [32m[K;[m[K
[9.560s] [01m[K/home/droso1/drosophibot-ROS/motor_control/src/motor_control.cpp:38:57:[m[K [01;31m[Kerror: [m[Kâ€˜[01m[Kpublisher_[m[Kâ€™ does not name a type; did you mean â€˜[01m[Krmw_publisher_t[m[Kâ€™?
[9.561s]    38 |     rclcpp::Publisher<std_msgs::msg::String>::SharedPtr [01;31m[Kpublisher_[m[K;
[9.561s]       |                                                         [01;31m[K^~~~~~~~~~[m[K
[9.562s]       |                                                         [32m[Krmw_publisher_t[m[K
[9.588s] [01m[K/home/droso1/drosophibot-ROS/motor_control/src/motor_control.cpp:[m[K In constructor â€˜[01m[KMotorController::[01;32m[KMotorController[m[K()[m[Kâ€™:
[9.588s] [01m[K/home/droso1/drosophibot-ROS/motor_control/src/motor_control.cpp:21:9:[m[K [01;31m[Kerror: [m[Kâ€˜[01m[Kpublisher_[m[Kâ€™ was not declared in this scope; did you mean â€˜[01m[Krmw_publisher_t[m[Kâ€™?
[9.589s]    21 |         [01;31m[Kpublisher_[m[K = this->create_publisher<interfaces::msg::MotorData>("motor_outputs", 10);
[9.589s]       |         [01;31m[K^~~~~~~~~~[m[K
[9.589s]       |         [32m[Krmw_publisher_t[m[K
[9.598s] [01m[K/home/droso1/drosophibot-ROS/motor_control/src/motor_control.cpp:23:27:[m[K [01;31m[Kerror: [m[Kâ€˜[01m[KMinimalPublisher[m[Kâ€™ has not been declared
[9.599s]    23 |         500ms, std::bind(&[01;31m[KMinimalPublisher[m[K::timer_callback, this));
[9.600s]       |                           [01;31m[K^~~~~~~~~~~~~~~~[m[K
[9.600s] [01m[K/home/droso1/drosophibot-ROS/motor_control/src/motor_control.cpp:[m[K In member function â€˜[01m[Kvoid MotorController::[01;32m[Ktimer_callback[m[K()[m[Kâ€™:
[9.601s] [01m[K/home/droso1/drosophibot-ROS/motor_control/src/motor_control.cpp:29:24:[m[K [01;31m[Kerror: [m[Kâ€˜[01m[Kstd_msgs[m[Kâ€™ has not been declared
[9.601s]    29 |         auto message = [01;31m[Kstd_msgs[m[K::msg::motordata();
[9.602s]       |                        [01;31m[K^~~~~~~~[m[K
[9.631s] [01m[K/home/droso1/drosophibot-ROS/motor_control/src/motor_control.cpp:35:9:[m[K [01;31m[Kerror: [m[Kâ€˜[01m[Kpublisher_[m[Kâ€™ was not declared in this scope; did you mean â€˜[01m[Krmw_publisher_t[m[Kâ€™?
[9.631s]    35 |         [01;31m[Kpublisher_[m[K->publish(message);
[9.632s]       |         [01;31m[K^~~~~~~~~~[m[K
[9.632s]       |         [32m[Krmw_publisher_t[m[K
[12.825s] gmake[2]: *** [CMakeFiles/motor_control.dir/build.make:76: CMakeFiles/motor_control.dir/src/motor_control.cpp.o] Error 1
[12.826s] gmake[1]: *** [CMakeFiles/Makefile2:137: CMakeFiles/motor_control.dir/all] Error 2
[12.827s] gmake: *** [Makefile:146: all] Error 2
[12.835s] Invoked command in '/home/droso1/drosophibot-ROS/build/motor_control' returned '2': AMENT_PREFIX_PATH=/home/droso1/drosophibot-ROS/install/interfaces:${AMENT_PREFIX_PATH} CMAKE_PREFIX_PATH=/home/droso1/drosophibot-ROS/install/interfaces:/home/droso1/drosophibot-ROS/install/testcpp:/opt/ros/jazzy LD_LIBRARY_PATH=/home/droso1/drosophibot-ROS/install/interfaces/lib:${LD_LIBRARY_PATH} PYTHONPATH=/home/droso1/drosophibot-ROS/install/interfaces/lib/python3.12/site-packages:${PYTHONPATH} /usr/bin/cmake --build /home/droso1/drosophibot-ROS/build/motor_control -- -j4 -l4
