[ 50%] [32mBuilding CXX object CMakeFiles/motor_control.dir/src/motor_control.cpp.o[0m
[01m[K/home/droso1/drosophibot-ROS/motor_control/src/motor_control.cpp:8:10:[m[K [01;31m[Kfatal error: [m[Kinterfaces/msg/motor_control.hpp: No such file or directory
    8 | #include [01;31m[K"interfaces/msg/motor_control.hpp"[m[K
      |          [01;31m[K^~~~~~~~~~~~~~~~~~~~~~~~~~~~~~~~~~[m[K
compilation terminated.
gmake[2]: *** [CMakeFiles/motor_control.dir/build.make:76: CMakeFiles/motor_control.dir/src/motor_control.cpp.o] Error 1
gmake[1]: *** [CMakeFiles/Makefile2:137: CMakeFiles/motor_control.dir/all] Error 2
gmake: *** [Makefile:146: all] Error 2
