[0.068s] Invoking command in '/home/droso1/drosophibot-ROS/build/strain_monitor': CMAKE_PREFIX_PATH=/home/droso1/drosophibot-ROS/install/interfaces:/home/droso1/drosophibot-ROS/install/testcpp:/home/droso1/drosophibot-ROS/install/pubsub:/home/droso1/drosophibot-ROS/install/motor_control:/home/droso1/drosophibot-ROS/install/limb_controller:/opt/ros/jazzy /usr/bin/cmake --build /home/droso1/drosophibot-ROS/build/strain_monitor -- -j4 -l4
[0.384s] [ 50%] [32mBuilding CXX object CMakeFiles/strain_monitor.dir/src/strain_monitor.cpp.o[0m
[9.670s] [01m[K/home/droso1/drosophibot-ROS/strain_monitor/src/strain_monitor.cpp:[m[K In function â€˜[01m[Kint[01;32m[K main[m[K(int, char**)[m[Kâ€™:
[9.670s] [01m[K/home/droso1/drosophibot-ROS/strain_monitor/src/strain_monitor.cpp:80:27:[m[K [01;31m[Kerror: [m[Karray must be initialized with a brace-enclosed initializer
[9.671s]    80 |     uint8_t init_msg[1] = [01;31m[K1[m[K;
[9.671s]       |                           [01;31m[K^[m[K
[13.233s] gmake[2]: *** [CMakeFiles/strain_monitor.dir/build.make:76: CMakeFiles/strain_monitor.dir/src/strain_monitor.cpp.o] Error 1
[13.234s] gmake[1]: *** [CMakeFiles/Makefile2:137: CMakeFiles/strain_monitor.dir/all] Error 2
[13.235s] gmake: *** [Makefile:146: all] Error 2
[13.243s] Invoked command in '/home/droso1/drosophibot-ROS/build/strain_monitor' returned '2': CMAKE_PREFIX_PATH=/home/droso1/drosophibot-ROS/install/interfaces:/home/droso1/drosophibot-ROS/install/testcpp:/home/droso1/drosophibot-ROS/install/pubsub:/home/droso1/drosophibot-ROS/install/motor_control:/home/droso1/drosophibot-ROS/install/limb_controller:/opt/ros/jazzy /usr/bin/cmake --build /home/droso1/drosophibot-ROS/build/strain_monitor -- -j4 -l4
