[0.065s] Invoking command in '/home/droso1/drosophibot-ROS/build/limb_controller': CMAKE_PREFIX_PATH=/home/droso1/drosophibot-ROS/install/interfaces:/home/droso1/drosophibot-ROS/install/testcpp:/home/droso1/drosophibot-ROS/install/pubsub:/home/droso1/drosophibot-ROS/install/motor_control:/home/droso1/drosophibot-ROS/install/limb_controller:/opt/ros/jazzy /usr/bin/cmake --build /home/droso1/drosophibot-ROS/build/limb_controller -- -j4 -l4
[0.396s] [ 20%] [32mBuilding CXX object CMakeFiles/limb_controller.dir/src/limb_controller.cpp.o[0m
[13.464s] [01m[K/home/droso1/drosophibot-ROS/limb_controller/src/limb_controller.cpp:12:7:[m[K [01;31m[Kerror: [m[Kexpected nested-name-specifier before â€˜[01m[KSNSToolboxCPP[m[Kâ€™
[13.464s]    12 | using [01;31m[KSNSToolboxCPP[m[K;
[13.465s]       |       [01;31m[K^~~~~~~~~~~~~[m[K
[13.489s] [01m[K/home/droso1/drosophibot-ROS/limb_controller/src/limb_controller.cpp:38:5:[m[K [01;31m[Kerror: [m[Kâ€˜[01m[KNetwork[m[Kâ€™ does not name a type
[13.489s]    38 |     [01;31m[KNetwork[m[K controller;
[13.490s]       |     [01;31m[K^~~~~~~[m[K
[13.544s] [01m[K/home/droso1/drosophibot-ROS/limb_controller/src/limb_controller.cpp:[m[K In constructor â€˜[01m[KLimbController::[01;32m[KLimbController[m[K()[m[Kâ€™:
[13.544s] [01m[K/home/droso1/drosophibot-ROS/limb_controller/src/limb_controller.cpp:21:9:[m[K [01;31m[Kerror: [m[Kâ€˜[01m[Kcontroller[m[Kâ€™ was not declared in this scope; did you mean â€˜[01m[KLimbController[m[Kâ€™?
[13.545s]    21 |         [01;31m[Kcontroller[m[K = Network(this->get_parameter("Network").as_string());
[13.545s]       |         [01;31m[K^~~~~~~~~~[m[K
[13.546s]       |         [32m[KLimbController[m[K
[13.547s] [01m[K/home/droso1/drosophibot-ROS/limb_controller/src/limb_controller.cpp:21:22:[m[K [01;31m[Kerror: [m[Kâ€˜[01m[KNetwork[m[Kâ€™ was not declared in this scope; did you mean â€˜[01m[KSNSToolboxCPP::Network[m[Kâ€™?
[13.547s]    21 |         controller = [01;31m[KNetwork[m[K(this->get_parameter("Network").as_string());
[13.547s]       |                      [01;31m[K^~~~~~~[m[K
[13.548s]       |                      [32m[KSNSToolboxCPP::Network[m[K
[13.548s] In file included from [01m[K/home/droso1/drosophibot-ROS/limb_controller/src/limb_controller.cpp:8[m[K:
[13.549s] [01m[K/home/droso1/drosophibot-ROS/limb_controller/include/Network.h:14:11:[m[K [01;36m[Knote: [m[Kâ€˜[01m[KSNSToolboxCPP::Network[m[Kâ€™ declared here
[13.549s]    14 |     class [01;36m[KNetwork[m[K {
[13.549s]       |           [01;36m[K^~~~~~~[m[K
[18.088s] gmake[2]: *** [CMakeFiles/limb_controller.dir/build.make:76: CMakeFiles/limb_controller.dir/src/limb_controller.cpp.o] Error 1
[18.089s] gmake[1]: *** [CMakeFiles/Makefile2:137: CMakeFiles/limb_controller.dir/all] Error 2
[18.090s] gmake: *** [Makefile:146: all] Error 2
[18.098s] Invoked command in '/home/droso1/drosophibot-ROS/build/limb_controller' returned '2': CMAKE_PREFIX_PATH=/home/droso1/drosophibot-ROS/install/interfaces:/home/droso1/drosophibot-ROS/install/testcpp:/home/droso1/drosophibot-ROS/install/pubsub:/home/droso1/drosophibot-ROS/install/motor_control:/home/droso1/drosophibot-ROS/install/limb_controller:/opt/ros/jazzy /usr/bin/cmake --build /home/droso1/drosophibot-ROS/build/limb_controller -- -j4 -l4
