[01m[Kcc1plus:[m[K [01;35m[Kwarning: [m[K/home/droso1/drosophibot-ROS/motor_control/include/dynamixel_sdk/dynamixel_sdk.h: not a directory
[01m[K/home/droso1/drosophibot-ROS/motor_control/src/motor_control.cpp:9:10:[m[K [01;31m[Kfatal error: [m[Kdynamixel_sdk.h: No such file or directory
    9 | #include [01;31m[K"dynamixel_sdk.h"[m[K
      |          [01;31m[K^~~~~~~~~~~~~~~~~[m[K
compilation terminated.
gmake[2]: *** [CMakeFiles/motor_control.dir/build.make:76: CMakeFiles/motor_control.dir/src/motor_control.cpp.o] Error 1
gmake[1]: *** [CMakeFiles/Makefile2:137: CMakeFiles/motor_control.dir/all] Error 2
gmake: *** [Makefile:146: all] Error 2
